<?xml version="1.0" encoding="UTF-8"?>
<coverage generated="1564556285312" clover="3.2.0">
  <project timestamp="1564556285312" name="All files">
    <metrics statements="211" coveredstatements="203" conditionals="27" coveredconditionals="19" methods="33" coveredmethods="32" elements="271" coveredelements="254" complexity="0" loc="211" ncloc="211" packages="5" files="9" classes="9"/>
    <package name="server">
      <metrics statements="23" coveredstatements="23" conditionals="2" coveredconditionals="2" methods="3" coveredmethods="3"/>
      <file name="app.js" path="/Users/yonathanloekito/Documents/hacktiv8/Phase3/instanalysis/server/app.js">
        <metrics statements="20" coveredstatements="20" conditionals="2" coveredconditionals="2" methods="3" coveredmethods="3"/>
        <line num="1" count="1" type="stmt"/>
        <line num="2" count="1" type="stmt"/>
        <line num="3" count="1" type="stmt"/>
        <line num="4" count="1" type="stmt"/>
        <line num="6" count="1" type="cond" truecount="2" falsecount="0"/>
        <line num="7" count="1" type="stmt"/>
        <line num="8" count="1" type="stmt"/>
        <line num="10" count="1" type="stmt"/>
        <line num="11" count="1" type="stmt"/>
        <line num="12" count="1" type="stmt"/>
        <line num="13" count="1" type="stmt"/>
        <line num="14" count="5" type="stmt"/>
        <line num="15" count="5" type="stmt"/>
        <line num="17" count="1" type="stmt"/>
        <line num="19" count="1" type="stmt"/>
        <line num="20" count="4" type="stmt"/>
        <line num="21" count="4" type="stmt"/>
        <line num="25" count="1" type="stmt"/>
        <line num="26" count="1" type="stmt"/>
        <line num="31" count="1" type="stmt"/>
      </file>
      <file name="expressInstance.js" path="/Users/yonathanloekito/Documents/hacktiv8/Phase3/instanalysis/server/expressInstance.js">
        <metrics statements="3" coveredstatements="3" conditionals="0" coveredconditionals="0" methods="0" coveredmethods="0"/>
        <line num="1" count="1" type="stmt"/>
        <line num="2" count="1" type="stmt"/>
        <line num="4" count="1" type="stmt"/>
      </file>
    </package>
    <package name="server.controller">
      <metrics statements="70" coveredstatements="67" conditionals="15" coveredconditionals="12" methods="9" coveredmethods="9"/>
      <file name="index.js" path="/Users/yonathanloekito/Documents/hacktiv8/Phase3/instanalysis/server/controller/index.js">
        <metrics statements="70" coveredstatements="67" conditionals="15" coveredconditionals="12" methods="9" coveredmethods="9"/>
        <line num="1" count="1" type="stmt"/>
        <line num="2" count="1" type="stmt"/>
        <line num="4" count="1" type="stmt"/>
        <line num="8" count="2" type="stmt"/>
        <line num="10" count="2" type="stmt"/>
        <line num="11" count="2" type="stmt"/>
        <line num="12" count="2" type="stmt"/>
        <line num="13" count="1" type="stmt"/>
        <line num="16" count="1" type="stmt"/>
        <line num="21" count="2" type="stmt"/>
        <line num="22" count="2" type="stmt"/>
        <line num="23" count="2" type="stmt"/>
        <line num="24" count="2" type="stmt"/>
        <line num="25" count="2" type="stmt"/>
        <line num="26" count="2" type="stmt"/>
        <line num="27" count="2" type="stmt"/>
        <line num="28" count="2" type="stmt"/>
        <line num="33" count="2" type="stmt"/>
        <line num="34" count="27" type="stmt"/>
        <line num="35" count="27" type="stmt"/>
        <line num="37" count="2" type="stmt"/>
        <line num="39" count="2" type="stmt"/>
        <line num="41" count="2" type="stmt"/>
        <line num="44" count="2" type="stmt"/>
        <line num="45" count="2" type="stmt"/>
        <line num="54" count="2" type="stmt"/>
        <line num="55" count="2" type="stmt"/>
        <line num="56" count="2" type="stmt"/>
        <line num="63" count="2" type="stmt"/>
        <line num="64" count="27" type="stmt"/>
        <line num="66" count="2" type="stmt"/>
        <line num="67" count="27" type="stmt"/>
        <line num="70" count="2" type="stmt"/>
        <line num="71" count="2" type="stmt"/>
        <line num="72" count="2" type="stmt"/>
        <line num="75" count="2" type="stmt"/>
        <line num="76" count="2" type="stmt"/>
        <line num="77" count="2" type="stmt"/>
        <line num="78" count="2" type="stmt"/>
        <line num="79" count="27" type="cond" truecount="1" falsecount="1"/>
        <line num="80" count="27" type="stmt"/>
        <line num="81" count="27" type="stmt"/>
        <line num="82" count="27" type="cond" truecount="2" falsecount="0"/>
        <line num="83" count="25" type="stmt"/>
        <line num="85" count="2" type="stmt"/>
        <line num="90" count="2" type="stmt"/>
        <line num="91" count="2" type="stmt"/>
        <line num="93" count="2" type="stmt"/>
        <line num="94" count="27" type="cond" truecount="5" falsecount="0"/>
        <line num="95" count="14" type="cond" truecount="1" falsecount="1"/>
        <line num="96" count="14" type="stmt"/>
        <line num="97" count="28" type="cond" truecount="2" falsecount="0"/>
        <line num="98" count="26" type="stmt"/>
        <line num="100" count="2" type="stmt"/>
        <line num="105" count="2" type="stmt"/>
        <line num="106" count="27" type="stmt"/>
        <line num="111" count="2" type="stmt"/>
        <line num="112" count="2" type="stmt"/>
        <line num="113" count="2" type="cond" truecount="1" falsecount="1"/>
        <line num="114" count="2" type="stmt"/>
        <line num="115" count="2" type="stmt"/>
        <line num="118" count="2" type="stmt"/>
        <line num="129" count="2" type="stmt"/>
        <line num="130" count="2" type="stmt"/>
        <line num="131" count="2" type="stmt"/>
        <line num="132" count="2" type="stmt"/>
        <line num="135" count="0" type="stmt"/>
        <line num="136" count="0" type="stmt"/>
        <line num="137" count="0" type="stmt"/>
        <line num="142" count="1" type="stmt"/>
      </file>
    </package>
    <package name="server.helper">
      <metrics statements="85" coveredstatements="80" conditionals="6" coveredconditionals="2" methods="13" coveredmethods="12"/>
      <file name="amazonRekognition.js" path="/Users/yonathanloekito/Documents/hacktiv8/Phase3/instanalysis/server/helper/amazonRekognition.js">
        <metrics statements="27" coveredstatements="25" conditionals="4" coveredconditionals="2" methods="6" coveredmethods="6"/>
        <line num="1" count="1" type="stmt"/>
        <line num="2" count="1" type="stmt"/>
        <line num="3" count="1" type="stmt"/>
        <line num="4" count="1" type="stmt"/>
        <line num="5" count="1" type="stmt"/>
        <line num="7" count="1" type="stmt"/>
        <line num="8" count="29" type="stmt"/>
        <line num="10" count="29" type="stmt"/>
        <line num="11" count="29" type="stmt"/>
        <line num="12" count="29" type="stmt"/>
        <line num="13" count="29" type="stmt"/>
        <line num="22" count="29" type="stmt"/>
        <line num="23" count="29" type="stmt"/>
        <line num="24" count="29" type="cond" truecount="1" falsecount="1"/>
        <line num="25" count="29" type="stmt"/>
        <line num="29" count="0" type="stmt"/>
        <line num="34" count="1" type="stmt"/>
        <line num="35" count="27" type="stmt"/>
        <line num="36" count="27" type="stmt"/>
        <line num="37" count="27" type="stmt"/>
        <line num="38" count="27" type="stmt"/>
        <line num="44" count="27" type="stmt"/>
        <line num="45" count="27" type="stmt"/>
        <line num="46" count="27" type="cond" truecount="1" falsecount="1"/>
        <line num="47" count="27" type="stmt"/>
        <line num="51" count="0" type="stmt"/>
        <line num="55" count="1" type="stmt"/>
      </file>
      <file name="comparePersonalities.js" path="/Users/yonathanloekito/Documents/hacktiv8/Phase3/instanalysis/server/helper/comparePersonalities.js">
        <metrics statements="35" coveredstatements="35" conditionals="0" coveredconditionals="0" methods="1" coveredmethods="1"/>
        <line num="1" count="1" type="stmt"/>
        <line num="4" count="2" type="stmt"/>
        <line num="6" count="2" type="stmt"/>
        <line num="7" count="1" type="stmt"/>
        <line num="8" count="1" type="stmt"/>
        <line num="9" count="1" type="stmt"/>
        <line num="11" count="5" type="stmt"/>
        <line num="12" count="5" type="stmt"/>
        <line num="13" count="5" type="stmt"/>
        <line num="15" count="30" type="stmt"/>
        <line num="16" count="30" type="stmt"/>
        <line num="17" count="30" type="stmt"/>
        <line num="20" count="1" type="stmt"/>
        <line num="21" count="1" type="stmt"/>
        <line num="23" count="1" type="stmt"/>
        <line num="24" count="1" type="stmt"/>
        <line num="25" count="1" type="stmt"/>
        <line num="26" count="1" type="stmt"/>
        <line num="27" count="12" type="stmt"/>
        <line num="28" count="12" type="stmt"/>
        <line num="29" count="12" type="stmt"/>
        <line num="31" count="1" type="stmt"/>
        <line num="32" count="1" type="stmt"/>
        <line num="34" count="1" type="stmt"/>
        <line num="35" count="1" type="stmt"/>
        <line num="36" count="1" type="stmt"/>
        <line num="37" count="1" type="stmt"/>
        <line num="38" count="5" type="stmt"/>
        <line num="39" count="5" type="stmt"/>
        <line num="40" count="5" type="stmt"/>
        <line num="42" count="1" type="stmt"/>
        <line num="43" count="1" type="stmt"/>
        <line num="45" count="1" type="stmt"/>
        <line num="47" count="1" type="stmt"/>
        <line num="52" count="1" type="stmt"/>
      </file>
      <file name="dataToObjectCreator.js" path="/Users/yonathanloekito/Documents/hacktiv8/Phase3/instanalysis/server/helper/dataToObjectCreator.js">
        <metrics statements="7" coveredstatements="7" conditionals="0" coveredconditionals="0" methods="2" coveredmethods="2"/>
        <line num="1" count="1" type="stmt"/>
        <line num="2" count="2" type="stmt"/>
        <line num="3" count="27" type="stmt"/>
        <line num="8" count="27" type="stmt"/>
        <line num="9" count="27" type="stmt"/>
        <line num="11" count="2" type="stmt"/>
        <line num="15" count="2" type="stmt"/>
      </file>
      <file name="personalityAnalysis.js" path="/Users/yonathanloekito/Documents/hacktiv8/Phase3/instanalysis/server/helper/personalityAnalysis.js">
        <metrics statements="16" coveredstatements="13" conditionals="2" coveredconditionals="0" methods="4" coveredmethods="3"/>
        <line num="1" count="1" type="stmt"/>
        <line num="2" count="1" type="stmt"/>
        <line num="3" count="1" type="stmt"/>
        <line num="4" count="1" type="stmt"/>
        <line num="6" count="1" type="stmt"/>
        <line num="11" count="1" type="stmt"/>
        <line num="12" count="2" type="stmt"/>
        <line num="13" count="2" type="stmt"/>
        <line num="14" count="2" type="stmt"/>
        <line num="21" count="2" type="stmt"/>
        <line num="22" count="2" type="stmt"/>
        <line num="23" count="2" type="stmt"/>
        <line num="25" count="2" type="stmt"/>
        <line num="28" count="0" type="cond" truecount="0" falsecount="2"/>
        <line num="29" count="0" type="stmt"/>
        <line num="31" count="0" type="stmt"/>
      </file>
    </package>
    <package name="server.middleware">
      <metrics statements="25" coveredstatements="25" conditionals="4" coveredconditionals="3" methods="7" coveredmethods="7"/>
      <file name="translateToEnglish.js" path="/Users/yonathanloekito/Documents/hacktiv8/Phase3/instanalysis/server/middleware/translateToEnglish.js">
        <metrics statements="25" coveredstatements="25" conditionals="4" coveredconditionals="3" methods="7" coveredmethods="7"/>
        <line num="1" count="1" type="stmt"/>
        <line num="2" count="1" type="stmt"/>
        <line num="7" count="2" type="stmt"/>
        <line num="8" count="2" type="stmt"/>
        <line num="9" count="2" type="stmt"/>
        <line num="18" count="2" type="stmt"/>
        <line num="19" count="27" type="stmt"/>
        <line num="20" count="27" type="stmt"/>
        <line num="23" count="2" type="stmt"/>
        <line num="27" count="2" type="stmt"/>
        <line num="32" count="27" type="stmt"/>
        <line num="33" count="27" type="stmt"/>
        <line num="34" count="27" type="stmt"/>
        <line num="35" count="27" type="stmt"/>
        <line num="36" count="27" type="cond" truecount="1" falsecount="1"/>
        <line num="37" count="27" type="stmt"/>
        <line num="39" count="27" type="stmt"/>
        <line num="41" count="27" type="cond" truecount="2" falsecount="0"/>
        <line num="43" count="11" type="stmt"/>
        <line num="44" count="11" type="stmt"/>
        <line num="47" count="16" type="stmt"/>
        <line num="55" count="11" type="stmt"/>
        <line num="56" count="11" type="stmt"/>
        <line num="58" count="11" type="stmt"/>
        <line num="63" count="1" type="stmt"/>
      </file>
    </package>
    <package name="server.router">
      <metrics statements="8" coveredstatements="8" conditionals="0" coveredconditionals="0" methods="1" coveredmethods="1"/>
      <file name="index.js" path="/Users/yonathanloekito/Documents/hacktiv8/Phase3/instanalysis/server/router/index.js">
        <metrics statements="8" coveredstatements="8" conditionals="0" coveredconditionals="0" methods="1" coveredmethods="1"/>
        <line num="1" count="1" type="stmt"/>
        <line num="2" count="1" type="stmt"/>
        <line num="3" count="1" type="stmt"/>
        <line num="5" count="1" type="stmt"/>
        <line num="6" count="1" type="stmt"/>
        <line num="9" count="1" type="stmt"/>
        <line num="10" count="1" type="stmt"/>
        <line num="14" count="1" type="stmt"/>
      </file>
    </package>
  </project>
</coverage>
