<?xml version="1.0" encoding="UTF-8"?>
<coverage generated="1564484177687" clover="3.2.0">
  <project timestamp="1564484177688" name="All files">
    <metrics statements="160" coveredstatements="149" conditionals="29" coveredconditionals="21" methods="30" coveredmethods="28" elements="219" coveredelements="198" complexity="0" loc="160" ncloc="160" packages="5" files="8" classes="8"/>
    <package name="server">
      <metrics statements="23" coveredstatements="21" conditionals="2" coveredconditionals="2" methods="3" coveredmethods="2"/>
      <file name="app.js" path="/Users/yonathanloekito/Documents/hacktiv8/Phase3/instanalysis/server/app.js">
        <metrics statements="20" coveredstatements="18" conditionals="2" coveredconditionals="2" methods="3" coveredmethods="2"/>
        <line num="1" count="1" type="stmt"/>
        <line num="2" count="1" type="stmt"/>
        <line num="3" count="1" type="stmt"/>
        <line num="4" count="1" type="stmt"/>
        <line num="6" count="1" type="cond" truecount="2" falsecount="0"/>
        <line num="7" count="1" type="stmt"/>
        <line num="8" count="1" type="stmt"/>
        <line num="10" count="1" type="stmt"/>
        <line num="11" count="1" type="stmt"/>
        <line num="12" count="1" type="stmt"/>
        <line num="13" count="1" type="stmt"/>
        <line num="14" count="2" type="stmt"/>
        <line num="15" count="2" type="stmt"/>
        <line num="17" count="1" type="stmt"/>
        <line num="19" count="1" type="stmt"/>
        <line num="20" count="0" type="stmt"/>
        <line num="21" count="0" type="stmt"/>
        <line num="27" count="1" type="stmt"/>
        <line num="28" count="1" type="stmt"/>
        <line num="33" count="1" type="stmt"/>
      </file>
      <file name="expressInstance.js" path="/Users/yonathanloekito/Documents/hacktiv8/Phase3/instanalysis/server/expressInstance.js">
        <metrics statements="3" coveredstatements="3" conditionals="0" coveredconditionals="0" methods="0" coveredmethods="0"/>
        <line num="1" count="1" type="stmt"/>
        <line num="2" count="1" type="stmt"/>
        <line num="4" count="1" type="stmt"/>
      </file>
    </package>
    <package name="server.controller">
      <metrics statements="57" coveredstatements="53" conditionals="17" coveredconditionals="14" methods="7" coveredmethods="7"/>
      <file name="index.js" path="/Users/yonathanloekito/Documents/hacktiv8/Phase3/instanalysis/server/controller/index.js">
        <metrics statements="57" coveredstatements="53" conditionals="17" coveredconditionals="14" methods="7" coveredmethods="7"/>
        <line num="1" count="1" type="stmt"/>
        <line num="2" count="1" type="stmt"/>
        <line num="7" count="1" type="stmt"/>
        <line num="8" count="1" type="stmt"/>
        <line num="9" count="1" type="stmt"/>
        <line num="10" count="1" type="stmt"/>
        <line num="11" count="1" type="stmt"/>
        <line num="12" count="1" type="stmt"/>
        <line num="13" count="1" type="stmt"/>
        <line num="14" count="1" type="stmt"/>
        <line num="19" count="1" type="stmt"/>
        <line num="20" count="26" type="stmt"/>
        <line num="22" count="1" type="stmt"/>
        <line num="24" count="1" type="stmt"/>
        <line num="29" count="1" type="stmt"/>
        <line num="32" count="1" type="stmt"/>
        <line num="33" count="1" type="stmt"/>
        <line num="42" count="1" type="stmt"/>
        <line num="43" count="1" type="stmt"/>
        <line num="44" count="1" type="stmt"/>
        <line num="51" count="1" type="stmt"/>
        <line num="52" count="26" type="stmt"/>
        <line num="54" count="1" type="stmt"/>
        <line num="55" count="26" type="stmt"/>
        <line num="58" count="1" type="stmt"/>
        <line num="59" count="1" type="stmt"/>
        <line num="60" count="1" type="stmt"/>
        <line num="63" count="1" type="stmt"/>
        <line num="64" count="1" type="stmt"/>
        <line num="65" count="1" type="stmt"/>
        <line num="66" count="1" type="stmt"/>
        <line num="67" count="26" type="cond" truecount="2" falsecount="0"/>
        <line num="68" count="8" type="stmt"/>
        <line num="69" count="8" type="stmt"/>
        <line num="70" count="56" type="cond" truecount="2" falsecount="0"/>
        <line num="71" count="49" type="stmt"/>
        <line num="73" count="7" type="stmt"/>
        <line num="75" count="56" type="cond" truecount="1" falsecount="1"/>
        <line num="76" count="0" type="stmt"/>
        <line num="81" count="1" type="stmt"/>
        <line num="82" count="26" type="cond" truecount="5" falsecount="0"/>
        <line num="83" count="18" type="cond" truecount="1" falsecount="1"/>
        <line num="84" count="18" type="stmt"/>
        <line num="85" count="90" type="cond" truecount="2" falsecount="0"/>
        <line num="86" count="75" type="stmt"/>
        <line num="88" count="15" type="stmt"/>
        <line num="95" count="1" type="stmt"/>
        <line num="96" count="26" type="stmt"/>
        <line num="103" count="1" type="cond" truecount="1" falsecount="1"/>
        <line num="104" count="1" type="stmt"/>
        <line num="105" count="1" type="stmt"/>
        <line num="107" count="0" type="stmt"/>
        <line num="111" count="1" type="stmt"/>
        <line num="122" count="1" type="stmt"/>
        <line num="143" count="0" type="stmt"/>
        <line num="144" count="0" type="stmt"/>
        <line num="149" count="1" type="stmt"/>
      </file>
    </package>
    <package name="server.helper">
      <metrics statements="48" coveredstatements="43" conditionals="6" coveredconditionals="2" methods="12" coveredmethods="11"/>
      <file name="amazonRekognition.js" path="/Users/yonathanloekito/Documents/hacktiv8/Phase3/instanalysis/server/helper/amazonRekognition.js">
        <metrics statements="27" coveredstatements="25" conditionals="4" coveredconditionals="2" methods="6" coveredmethods="6"/>
        <line num="1" count="1" type="stmt"/>
        <line num="2" count="1" type="stmt"/>
        <line num="3" count="1" type="stmt"/>
        <line num="4" count="1" type="stmt"/>
        <line num="5" count="1" type="stmt"/>
        <line num="7" count="1" type="stmt"/>
        <line num="8" count="27" type="stmt"/>
        <line num="10" count="27" type="stmt"/>
        <line num="11" count="27" type="stmt"/>
        <line num="12" count="27" type="stmt"/>
        <line num="13" count="27" type="stmt"/>
        <line num="22" count="27" type="stmt"/>
        <line num="23" count="27" type="stmt"/>
        <line num="24" count="27" type="cond" truecount="1" falsecount="1"/>
        <line num="25" count="27" type="stmt"/>
        <line num="29" count="0" type="stmt"/>
        <line num="34" count="1" type="stmt"/>
        <line num="35" count="26" type="stmt"/>
        <line num="36" count="26" type="stmt"/>
        <line num="37" count="26" type="stmt"/>
        <line num="38" count="26" type="stmt"/>
        <line num="44" count="26" type="stmt"/>
        <line num="45" count="26" type="stmt"/>
        <line num="46" count="26" type="cond" truecount="1" falsecount="1"/>
        <line num="47" count="26" type="stmt"/>
        <line num="51" count="0" type="stmt"/>
        <line num="55" count="1" type="stmt"/>
      </file>
      <file name="dataToObjectCreator.js" path="/Users/yonathanloekito/Documents/hacktiv8/Phase3/instanalysis/server/helper/dataToObjectCreator.js">
        <metrics statements="7" coveredstatements="7" conditionals="0" coveredconditionals="0" methods="2" coveredmethods="2"/>
        <line num="1" count="1" type="stmt"/>
        <line num="2" count="1" type="stmt"/>
        <line num="3" count="26" type="stmt"/>
        <line num="8" count="26" type="stmt"/>
        <line num="9" count="26" type="stmt"/>
        <line num="11" count="1" type="stmt"/>
        <line num="15" count="1" type="stmt"/>
      </file>
      <file name="personalityAnalysis.js" path="/Users/yonathanloekito/Documents/hacktiv8/Phase3/instanalysis/server/helper/personalityAnalysis.js">
        <metrics statements="14" coveredstatements="11" conditionals="2" coveredconditionals="0" methods="4" coveredmethods="3"/>
        <line num="1" count="1" type="stmt"/>
        <line num="2" count="1" type="stmt"/>
        <line num="3" count="1" type="stmt"/>
        <line num="4" count="1" type="stmt"/>
        <line num="6" count="1" type="stmt"/>
        <line num="11" count="1" type="stmt"/>
        <line num="13" count="1" type="stmt"/>
        <line num="14" count="1" type="stmt"/>
        <line num="21" count="1" type="stmt"/>
        <line num="22" count="1" type="stmt"/>
        <line num="24" count="1" type="stmt"/>
        <line num="27" count="0" type="cond" truecount="0" falsecount="2"/>
        <line num="28" count="0" type="stmt"/>
        <line num="30" count="0" type="stmt"/>
      </file>
    </package>
    <package name="server.middleware">
      <metrics statements="25" coveredstatements="25" conditionals="4" coveredconditionals="3" methods="7" coveredmethods="7"/>
      <file name="translateToEnglish.js" path="/Users/yonathanloekito/Documents/hacktiv8/Phase3/instanalysis/server/middleware/translateToEnglish.js">
        <metrics statements="25" coveredstatements="25" conditionals="4" coveredconditionals="3" methods="7" coveredmethods="7"/>
        <line num="1" count="1" type="stmt"/>
        <line num="2" count="1" type="stmt"/>
        <line num="7" count="1" type="stmt"/>
        <line num="8" count="1" type="stmt"/>
        <line num="9" count="1" type="stmt"/>
        <line num="17" count="1" type="stmt"/>
        <line num="18" count="26" type="stmt"/>
        <line num="19" count="26" type="stmt"/>
        <line num="22" count="1" type="stmt"/>
        <line num="26" count="1" type="stmt"/>
        <line num="31" count="26" type="stmt"/>
        <line num="32" count="26" type="stmt"/>
        <line num="33" count="26" type="stmt"/>
        <line num="34" count="26" type="stmt"/>
        <line num="35" count="26" type="cond" truecount="1" falsecount="1"/>
        <line num="36" count="26" type="stmt"/>
        <line num="38" count="26" type="stmt"/>
        <line num="40" count="26" type="cond" truecount="2" falsecount="0"/>
        <line num="42" count="4" type="stmt"/>
        <line num="43" count="4" type="stmt"/>
        <line num="46" count="22" type="stmt"/>
        <line num="54" count="4" type="stmt"/>
        <line num="55" count="4" type="stmt"/>
        <line num="57" count="4" type="stmt"/>
        <line num="62" count="1" type="stmt"/>
      </file>
    </package>
    <package name="server.router">
      <metrics statements="7" coveredstatements="7" conditionals="0" coveredconditionals="0" methods="1" coveredmethods="1"/>
      <file name="index.js" path="/Users/yonathanloekito/Documents/hacktiv8/Phase3/instanalysis/server/router/index.js">
        <metrics statements="7" coveredstatements="7" conditionals="0" coveredconditionals="0" methods="1" coveredmethods="1"/>
        <line num="1" count="1" type="stmt"/>
        <line num="2" count="1" type="stmt"/>
        <line num="3" count="1" type="stmt"/>
        <line num="5" count="1" type="stmt"/>
        <line num="6" count="1" type="stmt"/>
        <line num="9" count="1" type="stmt"/>
        <line num="12" count="1" type="stmt"/>
      </file>
    </package>
  </project>
</coverage>
