{"/Users/yonathanloekito/Documents/hacktiv8/Phase3/instanalysis/server/app.js": {"path":"/Users/yonathanloekito/Documents/hacktiv8/Phase3/instanalysis/server/app.js","statementMap":{"0":{"start":{"line":1,"column":16},"end":{"line":1,"column":34}},"1":{"start":{"line":2,"column":12},"end":{"line":2,"column":40}},"2":{"start":{"line":3,"column":13},"end":{"line":3,"column":46}},"3":{"start":{"line":4,"column":11},"end":{"line":4,"column":37}},"4":{"start":{"line":6,"column":13},"end":{"line":6,"column":37}},"5":{"start":{"line":7,"column":13},"end":{"line":7,"column":28}},"6":{"start":{"line":8,"column":14},"end":{"line":8,"column":33}},"7":{"start":{"line":10,"column":0},"end":{"line":10,"column":23}},"8":{"start":{"line":11,"column":0},"end":{"line":11,"column":45}},"9":{"start":{"line":12,"column":0},"end":{"line":12,"column":15}},"10":{"start":{"line":13,"column":0},"end":{"line":16,"column":3}},"11":{"start":{"line":14,"column":2},"end":{"line":14,"column":14}},"12":{"start":{"line":15,"column":2},"end":{"line":15,"column":9}},"13":{"start":{"line":17,"column":0},"end":{"line":17,"column":19}},"14":{"start":{"line":19,"column":0},"end":{"line":24,"column":2}},"15":{"start":{"line":20,"column":4},"end":{"line":20,"column":38}},"16":{"start":{"line":21,"column":4},"end":{"line":21,"column":22}},"17":{"start":{"line":27,"column":0},"end":{"line":29,"column":2}},"18":{"start":{"line":28,"column":4},"end":{"line":28,"column":42}},"19":{"start":{"line":33,"column":0},"end":{"line":33,"column":20}}},"fnMap":{"0":{"name":"(anonymous_0)","decl":{"start":{"line":13,"column":8},"end":{"line":13,"column":9}},"loc":{"start":{"line":13,"column":33},"end":{"line":16,"column":1}},"line":13},"1":{"name":"(anonymous_1)","decl":{"start":{"line":19,"column":20},"end":{"line":19,"column":21}},"loc":{"start":{"line":19,"column":36},"end":{"line":24,"column":1}},"line":19},"2":{"name":"(anonymous_2)","decl":{"start":{"line":27,"column":18},"end":{"line":27,"column":19}},"loc":{"start":{"line":27,"column":22},"end":{"line":29,"column":1}},"line":27}},"branchMap":{"0":{"loc":{"start":{"line":6,"column":13},"end":{"line":6,"column":37}},"type":"binary-expr","locations":[{"start":{"line":6,"column":13},"end":{"line":6,"column":29}},{"start":{"line":6,"column":33},"end":{"line":6,"column":37}}],"line":6}},"s":{"0":1,"1":1,"2":1,"3":1,"4":1,"5":1,"6":1,"7":1,"8":1,"9":1,"10":1,"11":2,"12":2,"13":1,"14":1,"15":0,"16":0,"17":1,"18":1,"19":1},"f":{"0":2,"1":0,"2":1},"b":{"0":[1,1]},"_coverageSchema":"43e27e138ebf9cfc5966b082cf9a028302ed4184","hash":"3183f428d6fdc9667dee7ba732e4a26fae90a5fa"}
,"/Users/yonathanloekito/Documents/hacktiv8/Phase3/instanalysis/server/expressInstance.js": {"path":"/Users/yonathanloekito/Documents/hacktiv8/Phase3/instanalysis/server/expressInstance.js","statementMap":{"0":{"start":{"line":1,"column":16},"end":{"line":1,"column":34}},"1":{"start":{"line":2,"column":12},"end":{"line":2,"column":21}},"2":{"start":{"line":4,"column":0},"end":{"line":4,"column":20}}},"fnMap":{},"branchMap":{},"s":{"0":1,"1":1,"2":1},"f":{},"b":{},"_coverageSchema":"43e27e138ebf9cfc5966b082cf9a028302ed4184","hash":"698c01714946ea12779d89c9c06a3521c534e624"}
,"/Users/yonathanloekito/Documents/hacktiv8/Phase3/instanalysis/server/controller/index.js": {"path":"/Users/yonathanloekito/Documents/hacktiv8/Phase3/instanalysis/server/controller/index.js","statementMap":{"0":{"start":{"line":1,"column":28},"end":{"line":1,"column":68}},"1":{"start":{"line":2,"column":42},"end":{"line":2,"column":80}},"2":{"start":{"line":7,"column":8},"end":{"line":7,"column":45}},"3":{"start":{"line":8,"column":8},"end":{"line":8,"column":29}},"4":{"start":{"line":9,"column":8},"end":{"line":9,"column":34}},"5":{"start":{"line":10,"column":8},"end":{"line":145,"column":9}},"6":{"start":{"line":11,"column":21},"end":{"line":11,"column":27}},"7":{"start":{"line":12,"column":24},"end":{"line":12,"column":26}},"8":{"start":{"line":13,"column":54},"end":{"line":13,"column":62}},"9":{"start":{"line":14,"column":27},"end":{"line":18,"column":13}},"10":{"start":{"line":19,"column":12},"end":{"line":21,"column":14}},"11":{"start":{"line":20,"column":16},"end":{"line":20,"column":43}},"12":{"start":{"line":22,"column":12},"end":{"line":22,"column":42}},"13":{"start":{"line":24,"column":29},"end":{"line":27,"column":13}},"14":{"start":{"line":29,"column":12},"end":{"line":29,"column":37}},"15":{"start":{"line":32,"column":12},"end":{"line":32,"column":28}},"16":{"start":{"line":33,"column":12},"end":{"line":39,"column":13}},"17":{"start":{"line":42,"column":44},"end":{"line":42,"column":79}},"18":{"start":{"line":43,"column":12},"end":{"line":43,"column":50}},"19":{"start":{"line":44,"column":12},"end":{"line":48,"column":13}},"20":{"start":{"line":51,"column":43},"end":{"line":53,"column":14}},"21":{"start":{"line":52,"column":16},"end":{"line":52,"column":51}},"22":{"start":{"line":54,"column":40},"end":{"line":56,"column":14}},"23":{"start":{"line":55,"column":16},"end":{"line":55,"column":52}},"24":{"start":{"line":58,"column":38},"end":{"line":58,"column":81}},"25":{"start":{"line":59,"column":39},"end":{"line":59,"column":79}},"26":{"start":{"line":60,"column":38},"end":{"line":60,"column":77}},"27":{"start":{"line":63,"column":36},"end":{"line":63,"column":38}},"28":{"start":{"line":64,"column":35},"end":{"line":64,"column":37}},"29":{"start":{"line":65,"column":26},"end":{"line":65,"column":27}},"30":{"start":{"line":66,"column":12},"end":{"line":80,"column":14}},"31":{"start":{"line":67,"column":16},"end":{"line":79,"column":17}},"32":{"start":{"line":68,"column":20},"end":{"line":68,"column":29}},"33":{"start":{"line":69,"column":20},"end":{"line":78,"column":21}},"34":{"start":{"line":69,"column":33},"end":{"line":69,"column":34}},"35":{"start":{"line":70,"column":24},"end":{"line":74,"column":25}},"36":{"start":{"line":71,"column":28},"end":{"line":71,"column":128}},"37":{"start":{"line":73,"column":28},"end":{"line":73,"column":127}},"38":{"start":{"line":75,"column":24},"end":{"line":77,"column":25}},"39":{"start":{"line":76,"column":28},"end":{"line":76,"column":149}},"40":{"start":{"line":81,"column":12},"end":{"line":92,"column":14}},"41":{"start":{"line":82,"column":16},"end":{"line":91,"column":17}},"42":{"start":{"line":83,"column":32},"end":{"line":83,"column":79}},"43":{"start":{"line":84,"column":20},"end":{"line":90,"column":21}},"44":{"start":{"line":84,"column":33},"end":{"line":84,"column":34}},"45":{"start":{"line":85,"column":24},"end":{"line":89,"column":25}},"46":{"start":{"line":86,"column":28},"end":{"line":86,"column":71}},"47":{"start":{"line":88,"column":28},"end":{"line":88,"column":70}},"48":{"start":{"line":95,"column":26},"end":{"line":100,"column":14}},"49":{"start":{"line":96,"column":16},"end":{"line":99,"column":17}},"50":{"start":{"line":103,"column":12},"end":{"line":109,"column":13}},"51":{"start":{"line":104,"column":16},"end":{"line":104,"column":65}},"52":{"start":{"line":105,"column":16},"end":{"line":105,"column":66}},"53":{"start":{"line":107,"column":16},"end":{"line":108,"column":43}},"54":{"start":{"line":111,"column":12},"end":{"line":121,"column":13}},"55":{"start":{"line":122,"column":12},"end":{"line":122,"column":31}},"56":{"start":{"line":143,"column":12},"end":{"line":143,"column":41}},"57":{"start":{"line":144,"column":12},"end":{"line":144,"column":41}},"58":{"start":{"line":149,"column":0},"end":{"line":149,"column":35}}},"fnMap":{"0":{"name":"(anonymous_0)","decl":{"start":{"line":6,"column":4},"end":{"line":6,"column":5}},"loc":{"start":{"line":6,"column":36},"end":{"line":147,"column":5}},"line":6},"1":{"name":"(anonymous_1)","decl":{"start":{"line":19,"column":35},"end":{"line":19,"column":36}},"loc":{"start":{"line":19,"column":43},"end":{"line":21,"column":13}},"line":19},"2":{"name":"(anonymous_2)","decl":{"start":{"line":51,"column":62},"end":{"line":51,"column":63}},"loc":{"start":{"line":51,"column":72},"end":{"line":53,"column":13}},"line":51},"3":{"name":"(anonymous_3)","decl":{"start":{"line":54,"column":59},"end":{"line":54,"column":60}},"loc":{"start":{"line":54,"column":69},"end":{"line":56,"column":13}},"line":54},"4":{"name":"(anonymous_4)","decl":{"start":{"line":66,"column":40},"end":{"line":66,"column":41}},"loc":{"start":{"line":66,"column":57},"end":{"line":80,"column":13}},"line":66},"5":{"name":"(anonymous_5)","decl":{"start":{"line":81,"column":41},"end":{"line":81,"column":42}},"loc":{"start":{"line":81,"column":49},"end":{"line":92,"column":13}},"line":81},"6":{"name":"(anonymous_6)","decl":{"start":{"line":95,"column":45},"end":{"line":95,"column":46}},"loc":{"start":{"line":95,"column":62},"end":{"line":100,"column":13}},"line":95}},"branchMap":{"0":{"loc":{"start":{"line":67,"column":16},"end":{"line":79,"column":17}},"type":"if","locations":[{"start":{"line":67,"column":16},"end":{"line":79,"column":17}},{"start":{"line":67,"column":16},"end":{"line":79,"column":17}}],"line":67},"1":{"loc":{"start":{"line":70,"column":24},"end":{"line":74,"column":25}},"type":"if","locations":[{"start":{"line":70,"column":24},"end":{"line":74,"column":25}},{"start":{"line":70,"column":24},"end":{"line":74,"column":25}}],"line":70},"2":{"loc":{"start":{"line":75,"column":24},"end":{"line":77,"column":25}},"type":"if","locations":[{"start":{"line":75,"column":24},"end":{"line":77,"column":25}},{"start":{"line":75,"column":24},"end":{"line":77,"column":25}}],"line":75},"3":{"loc":{"start":{"line":82,"column":16},"end":{"line":91,"column":17}},"type":"if","locations":[{"start":{"line":82,"column":16},"end":{"line":91,"column":17}},{"start":{"line":82,"column":16},"end":{"line":91,"column":17}}],"line":82},"4":{"loc":{"start":{"line":82,"column":20},"end":{"line":82,"column":121}},"type":"binary-expr","locations":[{"start":{"line":82,"column":20},"end":{"line":82,"column":51}},{"start":{"line":82,"column":55},"end":{"line":82,"column":87}},{"start":{"line":82,"column":91},"end":{"line":82,"column":121}}],"line":82},"5":{"loc":{"start":{"line":83,"column":32},"end":{"line":83,"column":79}},"type":"cond-expr","locations":[{"start":{"line":83,"column":57},"end":{"line":83,"column":58}},{"start":{"line":83,"column":61},"end":{"line":83,"column":79}}],"line":83},"6":{"loc":{"start":{"line":85,"column":24},"end":{"line":89,"column":25}},"type":"if","locations":[{"start":{"line":85,"column":24},"end":{"line":89,"column":25}},{"start":{"line":85,"column":24},"end":{"line":89,"column":25}}],"line":85},"7":{"loc":{"start":{"line":103,"column":12},"end":{"line":109,"column":13}},"type":"if","locations":[{"start":{"line":103,"column":12},"end":{"line":109,"column":13}},{"start":{"line":103,"column":12},"end":{"line":109,"column":13}}],"line":103}},"s":{"0":1,"1":1,"2":1,"3":1,"4":1,"5":1,"6":1,"7":1,"8":1,"9":1,"10":1,"11":26,"12":1,"13":1,"14":1,"15":1,"16":1,"17":1,"18":1,"19":1,"20":1,"21":26,"22":1,"23":26,"24":1,"25":1,"26":1,"27":1,"28":1,"29":1,"30":1,"31":26,"32":8,"33":8,"34":8,"35":56,"36":49,"37":7,"38":56,"39":0,"40":1,"41":26,"42":18,"43":18,"44":18,"45":90,"46":75,"47":15,"48":1,"49":26,"50":1,"51":1,"52":1,"53":0,"54":1,"55":1,"56":0,"57":0,"58":1},"f":{"0":1,"1":26,"2":26,"3":26,"4":26,"5":26,"6":26},"b":{"0":[8,18],"1":[49,7],"2":[0,56],"3":[18,8],"4":[26,24,21],"5":[18,0],"6":[75,15],"7":[1,0]},"_coverageSchema":"43e27e138ebf9cfc5966b082cf9a028302ed4184","hash":"b101cbe66b13b438836c315b1682da133ee410c4"}
,"/Users/yonathanloekito/Documents/hacktiv8/Phase3/instanalysis/server/helper/amazonRekognition.js": {"path":"/Users/yonathanloekito/Documents/hacktiv8/Phase3/instanalysis/server/helper/amazonRekognition.js","statementMap":{"0":{"start":{"line":1,"column":21},"end":{"line":1,"column":47}},"1":{"start":{"line":2,"column":10},"end":{"line":2,"column":28}},"2":{"start":{"line":3,"column":11},"end":{"line":3,"column":56}},"3":{"start":{"line":4,"column":0},"end":{"line":4,"column":23}},"4":{"start":{"line":5,"column":18},"end":{"line":5,"column":67}},"5":{"start":{"line":7,"column":22},"end":{"line":32,"column":1}},"6":{"start":{"line":8,"column":2},"end":{"line":30,"column":3}},"7":{"start":{"line":10,"column":4},"end":{"line":10,"column":28}},"8":{"start":{"line":11,"column":17},"end":{"line":11,"column":46}},"9":{"start":{"line":12,"column":19},"end":{"line":12,"column":52}},"10":{"start":{"line":13,"column":17},"end":{"line":20,"column":5}},"11":{"start":{"line":22,"column":4},"end":{"line":27,"column":6}},"12":{"start":{"line":23,"column":6},"end":{"line":26,"column":9}},"13":{"start":{"line":24,"column":8},"end":{"line":25,"column":27}},"14":{"start":{"line":24,"column":17},"end":{"line":24,"column":28}},"15":{"start":{"line":25,"column":13},"end":{"line":25,"column":27}},"16":{"start":{"line":29,"column":4},"end":{"line":29,"column":11}},"17":{"start":{"line":34,"column":23},"end":{"line":53,"column":1}},"18":{"start":{"line":35,"column":2},"end":{"line":52,"column":3}},"19":{"start":{"line":36,"column":17},"end":{"line":36,"column":46}},"20":{"start":{"line":37,"column":19},"end":{"line":37,"column":52}},"21":{"start":{"line":38,"column":17},"end":{"line":42,"column":5}},"22":{"start":{"line":44,"column":4},"end":{"line":49,"column":6}},"23":{"start":{"line":45,"column":6},"end":{"line":48,"column":9}},"24":{"start":{"line":46,"column":8},"end":{"line":47,"column":27}},"25":{"start":{"line":46,"column":17},"end":{"line":46,"column":28}},"26":{"start":{"line":47,"column":13},"end":{"line":47,"column":27}},"27":{"start":{"line":51,"column":4},"end":{"line":51,"column":11}},"28":{"start":{"line":55,"column":0},"end":{"line":55,"column":48}}},"fnMap":{"0":{"name":"(anonymous_0)","decl":{"start":{"line":7,"column":22},"end":{"line":7,"column":23}},"loc":{"start":{"line":7,"column":43},"end":{"line":32,"column":1}},"line":7},"1":{"name":"(anonymous_1)","decl":{"start":{"line":22,"column":23},"end":{"line":22,"column":24}},"loc":{"start":{"line":22,"column":50},"end":{"line":27,"column":5}},"line":22},"2":{"name":"(anonymous_2)","decl":{"start":{"line":23,"column":38},"end":{"line":23,"column":39}},"loc":{"start":{"line":23,"column":59},"end":{"line":26,"column":7}},"line":23},"3":{"name":"(anonymous_3)","decl":{"start":{"line":34,"column":23},"end":{"line":34,"column":24}},"loc":{"start":{"line":34,"column":42},"end":{"line":53,"column":1}},"line":34},"4":{"name":"(anonymous_4)","decl":{"start":{"line":44,"column":23},"end":{"line":44,"column":24}},"loc":{"start":{"line":44,"column":50},"end":{"line":49,"column":5}},"line":44},"5":{"name":"(anonymous_5)","decl":{"start":{"line":45,"column":39},"end":{"line":45,"column":40}},"loc":{"start":{"line":45,"column":60},"end":{"line":48,"column":7}},"line":45}},"branchMap":{"0":{"loc":{"start":{"line":24,"column":8},"end":{"line":25,"column":27}},"type":"if","locations":[{"start":{"line":24,"column":8},"end":{"line":25,"column":27}},{"start":{"line":24,"column":8},"end":{"line":25,"column":27}}],"line":24},"1":{"loc":{"start":{"line":46,"column":8},"end":{"line":47,"column":27}},"type":"if","locations":[{"start":{"line":46,"column":8},"end":{"line":47,"column":27}},{"start":{"line":46,"column":8},"end":{"line":47,"column":27}}],"line":46}},"s":{"0":1,"1":1,"2":1,"3":1,"4":1,"5":1,"6":27,"7":27,"8":27,"9":27,"10":27,"11":27,"12":27,"13":27,"14":0,"15":27,"16":0,"17":1,"18":26,"19":26,"20":26,"21":26,"22":26,"23":26,"24":26,"25":0,"26":26,"27":0,"28":1},"f":{"0":27,"1":27,"2":27,"3":26,"4":26,"5":26},"b":{"0":[0,27],"1":[0,26]},"_coverageSchema":"43e27e138ebf9cfc5966b082cf9a028302ed4184","hash":"440a067c62262c0f1320ead65ab723b22c2cc27e"}
,"/Users/yonathanloekito/Documents/hacktiv8/Phase3/instanalysis/server/helper/dataToObjectCreator.js": {"path":"/Users/yonathanloekito/Documents/hacktiv8/Phase3/instanalysis/server/helper/dataToObjectCreator.js","statementMap":{"0":{"start":{"line":1,"column":0},"end":{"line":18,"column":1}},"1":{"start":{"line":2,"column":23},"end":{"line":10,"column":6}},"2":{"start":{"line":3,"column":26},"end":{"line":7,"column":9}},"3":{"start":{"line":8,"column":8},"end":{"line":8,"column":47}},"4":{"start":{"line":9,"column":8},"end":{"line":9,"column":26}},"5":{"start":{"line":11,"column":22},"end":{"line":13,"column":5}},"6":{"start":{"line":15,"column":4},"end":{"line":17,"column":5}}},"fnMap":{"0":{"name":"(anonymous_0)","decl":{"start":{"line":1,"column":17},"end":{"line":1,"column":18}},"loc":{"start":{"line":1,"column":31},"end":{"line":18,"column":1}},"line":1},"1":{"name":"(anonymous_1)","decl":{"start":{"line":2,"column":38},"end":{"line":2,"column":39}},"loc":{"start":{"line":2,"column":46},"end":{"line":10,"column":5}},"line":2}},"branchMap":{},"s":{"0":1,"1":1,"2":26,"3":26,"4":26,"5":1,"6":1},"f":{"0":1,"1":26},"b":{},"_coverageSchema":"43e27e138ebf9cfc5966b082cf9a028302ed4184","hash":"a497f98bec75cfe0f2f89a6f45035d82b84c4dfc"}
,"/Users/yonathanloekito/Documents/hacktiv8/Phase3/instanalysis/server/helper/personalityAnalysis.js": {"path":"/Users/yonathanloekito/Documents/hacktiv8/Phase3/instanalysis/server/helper/personalityAnalysis.js","statementMap":{"0":{"start":{"line":1,"column":30},"end":{"line":1,"column":75}},"1":{"start":{"line":2,"column":0},"end":{"line":2,"column":26}},"2":{"start":{"line":3,"column":19},"end":{"line":3,"column":42}},"3":{"start":{"line":4,"column":28},"end":{"line":4,"column":68}},"4":{"start":{"line":6,"column":28},"end":{"line":9,"column":2}},"5":{"start":{"line":11,"column":0},"end":{"line":34,"column":1}},"6":{"start":{"line":13,"column":22},"end":{"line":13,"column":47}},"7":{"start":{"line":14,"column":24},"end":{"line":19,"column":3}},"8":{"start":{"line":21,"column":2},"end":{"line":33,"column":4}},"9":{"start":{"line":22,"column":4},"end":{"line":32,"column":8}},"10":{"start":{"line":24,"column":8},"end":{"line":24,"column":25}},"11":{"start":{"line":27,"column":8},"end":{"line":31,"column":9}},"12":{"start":{"line":28,"column":10},"end":{"line":28,"column":39}},"13":{"start":{"line":30,"column":10},"end":{"line":30,"column":20}}},"fnMap":{"0":{"name":"(anonymous_0)","decl":{"start":{"line":11,"column":17},"end":{"line":11,"column":18}},"loc":{"start":{"line":11,"column":32},"end":{"line":34,"column":1}},"line":11},"1":{"name":"(anonymous_1)","decl":{"start":{"line":21,"column":21},"end":{"line":21,"column":22}},"loc":{"start":{"line":21,"column":42},"end":{"line":33,"column":3}},"line":21},"2":{"name":"(anonymous_2)","decl":{"start":{"line":23,"column":12},"end":{"line":23,"column":13}},"loc":{"start":{"line":23,"column":22},"end":{"line":25,"column":7}},"line":23},"3":{"name":"(anonymous_3)","decl":{"start":{"line":26,"column":14},"end":{"line":26,"column":15}},"loc":{"start":{"line":26,"column":21},"end":{"line":32,"column":7}},"line":26}},"branchMap":{"0":{"loc":{"start":{"line":27,"column":8},"end":{"line":31,"column":9}},"type":"if","locations":[{"start":{"line":27,"column":8},"end":{"line":31,"column":9}},{"start":{"line":27,"column":8},"end":{"line":31,"column":9}}],"line":27}},"s":{"0":1,"1":1,"2":1,"3":1,"4":1,"5":1,"6":1,"7":1,"8":1,"9":1,"10":1,"11":0,"12":0,"13":0},"f":{"0":1,"1":1,"2":1,"3":0},"b":{"0":[0,0]},"_coverageSchema":"43e27e138ebf9cfc5966b082cf9a028302ed4184","hash":"36e15d8c39d90dfa24b59f53e8a1114ddfe0dc00"}
,"/Users/yonathanloekito/Documents/hacktiv8/Phase3/instanalysis/server/middleware/translateToEnglish.js": {"path":"/Users/yonathanloekito/Documents/hacktiv8/Phase3/instanalysis/server/middleware/translateToEnglish.js","statementMap":{"0":{"start":{"line":1,"column":15},"end":{"line":1,"column":46}},"1":{"start":{"line":2,"column":24},"end":{"line":2,"column":59}},"2":{"start":{"line":7,"column":2},"end":{"line":7,"column":23}},"3":{"start":{"line":8,"column":36},"end":{"line":8,"column":44}},"4":{"start":{"line":9,"column":16},"end":{"line":13,"column":2}},"5":{"start":{"line":17,"column":4},"end":{"line":20,"column":3}},"6":{"start":{"line":17,"column":17},"end":{"line":17,"column":18}},"7":{"start":{"line":18,"column":18},"end":{"line":18,"column":35}},"8":{"start":{"line":19,"column":2},"end":{"line":19,"column":55}},"9":{"start":{"line":22,"column":2},"end":{"line":22,"column":21}},"10":{"start":{"line":26,"column":1},"end":{"line":26,"column":7}},"11":{"start":{"line":31,"column":14},"end":{"line":31,"column":28}},"12":{"start":{"line":32,"column":1},"end":{"line":49,"column":3}},"13":{"start":{"line":33,"column":2},"end":{"line":48,"column":4}},"14":{"start":{"line":34,"column":3},"end":{"line":34,"column":52}},"15":{"start":{"line":35,"column":2},"end":{"line":35,"column":54}},"16":{"start":{"line":35,"column":31},"end":{"line":35,"column":54}},"17":{"start":{"line":36,"column":4},"end":{"line":36,"column":55}},"18":{"start":{"line":38,"column":29},"end":{"line":38,"column":47}},"19":{"start":{"line":40,"column":4},"end":{"line":47,"column":5}},"20":{"start":{"line":42,"column":28},"end":{"line":42,"column":59}},"21":{"start":{"line":43,"column":5},"end":{"line":43,"column":28}},"22":{"start":{"line":46,"column":5},"end":{"line":46,"column":28}},"23":{"start":{"line":54,"column":1},"end":{"line":59,"column":3}},"24":{"start":{"line":55,"column":2},"end":{"line":58,"column":8}},"25":{"start":{"line":57,"column":6},"end":{"line":57,"column":42}},"26":{"start":{"line":62,"column":0},"end":{"line":62,"column":35}}},"fnMap":{"0":{"name":"translateToEnglish","decl":{"start":{"line":4,"column":15},"end":{"line":4,"column":33}},"loc":{"start":{"line":4,"column":50},"end":{"line":27,"column":1}},"line":4},"1":{"name":"detectAndTranslate","decl":{"start":{"line":29,"column":15},"end":{"line":29,"column":33}},"loc":{"start":{"line":29,"column":49},"end":{"line":50,"column":1}},"line":29},"2":{"name":"(anonymous_2)","decl":{"start":{"line":32,"column":21},"end":{"line":32,"column":22}},"loc":{"start":{"line":32,"column":41},"end":{"line":49,"column":2}},"line":32},"3":{"name":"(anonymous_3)","decl":{"start":{"line":33,"column":49},"end":{"line":33,"column":50}},"loc":{"start":{"line":33,"column":80},"end":{"line":48,"column":3}},"line":33},"4":{"name":"translate","decl":{"start":{"line":52,"column":15},"end":{"line":52,"column":24}},"loc":{"start":{"line":52,"column":30},"end":{"line":60,"column":1}},"line":52},"5":{"name":"(anonymous_5)","decl":{"start":{"line":54,"column":21},"end":{"line":54,"column":22}},"loc":{"start":{"line":54,"column":42},"end":{"line":59,"column":2}},"line":54},"6":{"name":"(anonymous_6)","decl":{"start":{"line":55,"column":40},"end":{"line":55,"column":41}},"loc":{"start":{"line":55,"column":67},"end":{"line":58,"column":7}},"line":55}},"branchMap":{"0":{"loc":{"start":{"line":35,"column":2},"end":{"line":35,"column":54}},"type":"if","locations":[{"start":{"line":35,"column":2},"end":{"line":35,"column":54}},{"start":{"line":35,"column":2},"end":{"line":35,"column":54}}],"line":35},"1":{"loc":{"start":{"line":40,"column":4},"end":{"line":47,"column":5}},"type":"if","locations":[{"start":{"line":40,"column":4},"end":{"line":47,"column":5}},{"start":{"line":40,"column":4},"end":{"line":47,"column":5}}],"line":40}},"s":{"0":1,"1":1,"2":1,"3":1,"4":1,"5":1,"6":1,"7":26,"8":26,"9":1,"10":1,"11":26,"12":26,"13":26,"14":26,"15":26,"16":0,"17":26,"18":26,"19":26,"20":4,"21":4,"22":22,"23":4,"24":4,"25":4,"26":1},"f":{"0":1,"1":26,"2":26,"3":26,"4":4,"5":4,"6":4},"b":{"0":[0,26],"1":[4,22]},"_coverageSchema":"43e27e138ebf9cfc5966b082cf9a028302ed4184","hash":"4cf1543a1a5b431a94e1473e4b633dd660ca3d96"}
,"/Users/yonathanloekito/Documents/hacktiv8/Phase3/instanalysis/server/router/index.js": {"path":"/Users/yonathanloekito/Documents/hacktiv8/Phase3/instanalysis/server/router/index.js","statementMap":{"0":{"start":{"line":1,"column":15},"end":{"line":1,"column":42}},"1":{"start":{"line":2,"column":19},"end":{"line":2,"column":43}},"2":{"start":{"line":3,"column":27},"end":{"line":3,"column":70}},"3":{"start":{"line":5,"column":0},"end":{"line":7,"column":2}},"4":{"start":{"line":6,"column":4},"end":{"line":6,"column":59}},"5":{"start":{"line":9,"column":0},"end":{"line":9,"column":65}},"6":{"start":{"line":12,"column":0},"end":{"line":12,"column":23}}},"fnMap":{"0":{"name":"(anonymous_0)","decl":{"start":{"line":5,"column":16},"end":{"line":5,"column":17}},"loc":{"start":{"line":5,"column":27},"end":{"line":7,"column":1}},"line":5}},"branchMap":{},"s":{"0":1,"1":1,"2":1,"3":1,"4":1,"5":1,"6":1},"f":{"0":1},"b":{},"_coverageSchema":"43e27e138ebf9cfc5966b082cf9a028302ed4184","hash":"175990ba5de8d8d7fbc65eec5d8ffe7c9e65642b"}
}
