{"/Users/yonathanloekito/Documents/hacktiv8/Phase3/instanalysis/server/app.js": {"path":"/Users/yonathanloekito/Documents/hacktiv8/Phase3/instanalysis/server/app.js","statementMap":{"0":{"start":{"line":1,"column":16},"end":{"line":1,"column":34}},"1":{"start":{"line":2,"column":12},"end":{"line":2,"column":40}},"2":{"start":{"line":3,"column":13},"end":{"line":3,"column":46}},"3":{"start":{"line":4,"column":11},"end":{"line":4,"column":37}},"4":{"start":{"line":6,"column":13},"end":{"line":6,"column":37}},"5":{"start":{"line":7,"column":13},"end":{"line":7,"column":28}},"6":{"start":{"line":8,"column":14},"end":{"line":8,"column":33}},"7":{"start":{"line":10,"column":0},"end":{"line":10,"column":23}},"8":{"start":{"line":11,"column":0},"end":{"line":11,"column":45}},"9":{"start":{"line":12,"column":0},"end":{"line":12,"column":15}},"10":{"start":{"line":13,"column":0},"end":{"line":16,"column":3}},"11":{"start":{"line":14,"column":2},"end":{"line":14,"column":14}},"12":{"start":{"line":15,"column":2},"end":{"line":15,"column":9}},"13":{"start":{"line":17,"column":0},"end":{"line":17,"column":19}},"14":{"start":{"line":19,"column":0},"end":{"line":22,"column":2}},"15":{"start":{"line":20,"column":4},"end":{"line":20,"column":38}},"16":{"start":{"line":21,"column":4},"end":{"line":21,"column":22}},"17":{"start":{"line":25,"column":0},"end":{"line":27,"column":2}},"18":{"start":{"line":26,"column":4},"end":{"line":26,"column":42}},"19":{"start":{"line":31,"column":0},"end":{"line":31,"column":20}}},"fnMap":{"0":{"name":"(anonymous_0)","decl":{"start":{"line":13,"column":8},"end":{"line":13,"column":9}},"loc":{"start":{"line":13,"column":33},"end":{"line":16,"column":1}},"line":13},"1":{"name":"(anonymous_1)","decl":{"start":{"line":19,"column":20},"end":{"line":19,"column":21}},"loc":{"start":{"line":19,"column":36},"end":{"line":22,"column":1}},"line":19},"2":{"name":"(anonymous_2)","decl":{"start":{"line":25,"column":18},"end":{"line":25,"column":19}},"loc":{"start":{"line":25,"column":22},"end":{"line":27,"column":1}},"line":25}},"branchMap":{"0":{"loc":{"start":{"line":6,"column":13},"end":{"line":6,"column":37}},"type":"binary-expr","locations":[{"start":{"line":6,"column":13},"end":{"line":6,"column":29}},{"start":{"line":6,"column":33},"end":{"line":6,"column":37}}],"line":6}},"s":{"0":1,"1":1,"2":1,"3":1,"4":1,"5":1,"6":1,"7":1,"8":1,"9":1,"10":1,"11":5,"12":5,"13":1,"14":1,"15":4,"16":4,"17":1,"18":1,"19":1},"f":{"0":5,"1":4,"2":1},"b":{"0":[1,1]},"_coverageSchema":"43e27e138ebf9cfc5966b082cf9a028302ed4184","hash":"abb052f628c3f7ade44f68e62de18c9409108304"}
,"/Users/yonathanloekito/Documents/hacktiv8/Phase3/instanalysis/server/expressInstance.js": {"path":"/Users/yonathanloekito/Documents/hacktiv8/Phase3/instanalysis/server/expressInstance.js","statementMap":{"0":{"start":{"line":1,"column":16},"end":{"line":1,"column":34}},"1":{"start":{"line":2,"column":12},"end":{"line":2,"column":21}},"2":{"start":{"line":4,"column":0},"end":{"line":4,"column":20}}},"fnMap":{},"branchMap":{},"s":{"0":1,"1":1,"2":1},"f":{},"b":{},"_coverageSchema":"43e27e138ebf9cfc5966b082cf9a028302ed4184","hash":"698c01714946ea12779d89c9c06a3521c534e624"}
,"/Users/yonathanloekito/Documents/hacktiv8/Phase3/instanalysis/server/controller/index.js": {"path":"/Users/yonathanloekito/Documents/hacktiv8/Phase3/instanalysis/server/controller/index.js","statementMap":{"0":{"start":{"line":1,"column":28},"end":{"line":1,"column":68}},"1":{"start":{"line":2,"column":42},"end":{"line":2,"column":80}},"2":{"start":{"line":4,"column":29},"end":{"line":4,"column":70}},"3":{"start":{"line":8,"column":8},"end":{"line":17,"column":9}},"4":{"start":{"line":10,"column":12},"end":{"line":10,"column":48}},"5":{"start":{"line":11,"column":33},"end":{"line":11,"column":41}},"6":{"start":{"line":12,"column":33},"end":{"line":12,"column":67}},"7":{"start":{"line":13,"column":12},"end":{"line":13,"column":48}},"8":{"start":{"line":16,"column":12},"end":{"line":16,"column":35}},"9":{"start":{"line":21,"column":8},"end":{"line":21,"column":45}},"10":{"start":{"line":22,"column":8},"end":{"line":22,"column":34}},"11":{"start":{"line":23,"column":8},"end":{"line":138,"column":9}},"12":{"start":{"line":24,"column":21},"end":{"line":24,"column":27}},"13":{"start":{"line":25,"column":24},"end":{"line":25,"column":26}},"14":{"start":{"line":26,"column":24},"end":{"line":26,"column":25}},"15":{"start":{"line":27,"column":55},"end":{"line":27,"column":63}},"16":{"start":{"line":28,"column":27},"end":{"line":32,"column":13}},"17":{"start":{"line":33,"column":12},"end":{"line":36,"column":14}},"18":{"start":{"line":34,"column":16},"end":{"line":34,"column":43}},"19":{"start":{"line":35,"column":16},"end":{"line":35,"column":35}},"20":{"start":{"line":37,"column":12},"end":{"line":37,"column":42}},"21":{"start":{"line":39,"column":28},"end":{"line":39,"column":50}},"22":{"start":{"line":41,"column":12},"end":{"line":41,"column":37}},"23":{"start":{"line":44,"column":12},"end":{"line":44,"column":28}},"24":{"start":{"line":45,"column":12},"end":{"line":51,"column":13}},"25":{"start":{"line":54,"column":44},"end":{"line":54,"column":79}},"26":{"start":{"line":55,"column":12},"end":{"line":55,"column":50}},"27":{"start":{"line":56,"column":12},"end":{"line":60,"column":13}},"28":{"start":{"line":63,"column":43},"end":{"line":65,"column":14}},"29":{"start":{"line":64,"column":16},"end":{"line":64,"column":51}},"30":{"start":{"line":66,"column":40},"end":{"line":68,"column":14}},"31":{"start":{"line":67,"column":16},"end":{"line":67,"column":52}},"32":{"start":{"line":70,"column":38},"end":{"line":70,"column":81}},"33":{"start":{"line":71,"column":39},"end":{"line":71,"column":79}},"34":{"start":{"line":72,"column":38},"end":{"line":72,"column":77}},"35":{"start":{"line":75,"column":36},"end":{"line":75,"column":38}},"36":{"start":{"line":76,"column":35},"end":{"line":76,"column":37}},"37":{"start":{"line":77,"column":26},"end":{"line":77,"column":27}},"38":{"start":{"line":78,"column":12},"end":{"line":89,"column":14}},"39":{"start":{"line":79,"column":16},"end":{"line":88,"column":17}},"40":{"start":{"line":80,"column":20},"end":{"line":80,"column":29}},"41":{"start":{"line":81,"column":20},"end":{"line":87,"column":21}},"42":{"start":{"line":81,"column":33},"end":{"line":81,"column":34}},"43":{"start":{"line":82,"column":24},"end":{"line":86,"column":25}},"44":{"start":{"line":83,"column":28},"end":{"line":83,"column":128}},"45":{"start":{"line":85,"column":28},"end":{"line":85,"column":127}},"46":{"start":{"line":90,"column":12},"end":{"line":92,"column":14}},"47":{"start":{"line":91,"column":16},"end":{"line":91,"column":73}},"48":{"start":{"line":93,"column":12},"end":{"line":104,"column":14}},"49":{"start":{"line":94,"column":16},"end":{"line":103,"column":17}},"50":{"start":{"line":95,"column":32},"end":{"line":95,"column":79}},"51":{"start":{"line":96,"column":20},"end":{"line":102,"column":21}},"52":{"start":{"line":96,"column":33},"end":{"line":96,"column":34}},"53":{"start":{"line":97,"column":24},"end":{"line":101,"column":25}},"54":{"start":{"line":98,"column":28},"end":{"line":98,"column":71}},"55":{"start":{"line":100,"column":28},"end":{"line":100,"column":70}},"56":{"start":{"line":105,"column":26},"end":{"line":110,"column":14}},"57":{"start":{"line":106,"column":16},"end":{"line":109,"column":17}},"58":{"start":{"line":111,"column":21},"end":{"line":111,"column":38}},"59":{"start":{"line":112,"column":24},"end":{"line":112,"column":41}},"60":{"start":{"line":113,"column":12},"end":{"line":116,"column":13}},"61":{"start":{"line":114,"column":16},"end":{"line":114,"column":65}},"62":{"start":{"line":115,"column":16},"end":{"line":115,"column":66}},"63":{"start":{"line":118,"column":12},"end":{"line":128,"column":13}},"64":{"start":{"line":129,"column":12},"end":{"line":129,"column":61}},"65":{"start":{"line":130,"column":12},"end":{"line":130,"column":63}},"66":{"start":{"line":131,"column":12},"end":{"line":131,"column":35}},"67":{"start":{"line":132,"column":12},"end":{"line":132,"column":31}},"68":{"start":{"line":135,"column":12},"end":{"line":135,"column":41}},"69":{"start":{"line":136,"column":21},"end":{"line":136,"column":27}},"70":{"start":{"line":137,"column":12},"end":{"line":137,"column":31}},"71":{"start":{"line":142,"column":0},"end":{"line":142,"column":35}}},"fnMap":{"0":{"name":"(anonymous_0)","decl":{"start":{"line":7,"column":4},"end":{"line":7,"column":5}},"loc":{"start":{"line":7,"column":25},"end":{"line":18,"column":5}},"line":7},"1":{"name":"(anonymous_1)","decl":{"start":{"line":20,"column":4},"end":{"line":20,"column":5}},"loc":{"start":{"line":20,"column":36},"end":{"line":140,"column":5}},"line":20},"2":{"name":"(anonymous_2)","decl":{"start":{"line":33,"column":35},"end":{"line":33,"column":36}},"loc":{"start":{"line":33,"column":43},"end":{"line":36,"column":13}},"line":33},"3":{"name":"(anonymous_3)","decl":{"start":{"line":63,"column":62},"end":{"line":63,"column":63}},"loc":{"start":{"line":63,"column":72},"end":{"line":65,"column":13}},"line":63},"4":{"name":"(anonymous_4)","decl":{"start":{"line":66,"column":59},"end":{"line":66,"column":60}},"loc":{"start":{"line":66,"column":69},"end":{"line":68,"column":13}},"line":66},"5":{"name":"(anonymous_5)","decl":{"start":{"line":78,"column":40},"end":{"line":78,"column":41}},"loc":{"start":{"line":78,"column":57},"end":{"line":89,"column":13}},"line":78},"6":{"name":"(anonymous_6)","decl":{"start":{"line":90,"column":50},"end":{"line":90,"column":51}},"loc":{"start":{"line":90,"column":58},"end":{"line":92,"column":13}},"line":90},"7":{"name":"(anonymous_7)","decl":{"start":{"line":93,"column":41},"end":{"line":93,"column":42}},"loc":{"start":{"line":93,"column":49},"end":{"line":104,"column":13}},"line":93},"8":{"name":"(anonymous_8)","decl":{"start":{"line":105,"column":45},"end":{"line":105,"column":46}},"loc":{"start":{"line":105,"column":62},"end":{"line":110,"column":13}},"line":105}},"branchMap":{"0":{"loc":{"start":{"line":79,"column":16},"end":{"line":88,"column":17}},"type":"if","locations":[{"start":{"line":79,"column":16},"end":{"line":88,"column":17}},{"start":{"line":79,"column":16},"end":{"line":88,"column":17}}],"line":79},"1":{"loc":{"start":{"line":82,"column":24},"end":{"line":86,"column":25}},"type":"if","locations":[{"start":{"line":82,"column":24},"end":{"line":86,"column":25}},{"start":{"line":82,"column":24},"end":{"line":86,"column":25}}],"line":82},"2":{"loc":{"start":{"line":94,"column":16},"end":{"line":103,"column":17}},"type":"if","locations":[{"start":{"line":94,"column":16},"end":{"line":103,"column":17}},{"start":{"line":94,"column":16},"end":{"line":103,"column":17}}],"line":94},"3":{"loc":{"start":{"line":94,"column":20},"end":{"line":94,"column":121}},"type":"binary-expr","locations":[{"start":{"line":94,"column":20},"end":{"line":94,"column":51}},{"start":{"line":94,"column":55},"end":{"line":94,"column":87}},{"start":{"line":94,"column":91},"end":{"line":94,"column":121}}],"line":94},"4":{"loc":{"start":{"line":95,"column":32},"end":{"line":95,"column":79}},"type":"cond-expr","locations":[{"start":{"line":95,"column":57},"end":{"line":95,"column":58}},{"start":{"line":95,"column":61},"end":{"line":95,"column":79}}],"line":95},"5":{"loc":{"start":{"line":97,"column":24},"end":{"line":101,"column":25}},"type":"if","locations":[{"start":{"line":97,"column":24},"end":{"line":101,"column":25}},{"start":{"line":97,"column":24},"end":{"line":101,"column":25}}],"line":97},"6":{"loc":{"start":{"line":113,"column":12},"end":{"line":116,"column":13}},"type":"if","locations":[{"start":{"line":113,"column":12},"end":{"line":116,"column":13}},{"start":{"line":113,"column":12},"end":{"line":116,"column":13}}],"line":113}},"s":{"0":1,"1":1,"2":1,"3":2,"4":2,"5":2,"6":2,"7":1,"8":1,"9":2,"10":2,"11":2,"12":2,"13":2,"14":2,"15":2,"16":2,"17":2,"18":27,"19":27,"20":2,"21":2,"22":2,"23":2,"24":2,"25":2,"26":2,"27":2,"28":2,"29":27,"30":2,"31":27,"32":2,"33":2,"34":2,"35":2,"36":2,"37":2,"38":2,"39":27,"40":27,"41":27,"42":27,"43":27,"44":25,"45":2,"46":2,"47":2,"48":2,"49":27,"50":14,"51":14,"52":14,"53":28,"54":26,"55":2,"56":2,"57":27,"58":2,"59":2,"60":2,"61":2,"62":2,"63":2,"64":2,"65":2,"66":2,"67":2,"68":0,"69":0,"70":0,"71":1},"f":{"0":2,"1":2,"2":27,"3":27,"4":27,"5":27,"6":2,"7":27,"8":27},"b":{"0":[27,0],"1":[25,2],"2":[14,13],"3":[27,14,14],"4":[0,14],"5":[26,2],"6":[2,0]},"_coverageSchema":"43e27e138ebf9cfc5966b082cf9a028302ed4184","hash":"541f15804e94cd70c00259c7028b61d7f7a292e5"}
,"/Users/yonathanloekito/Documents/hacktiv8/Phase3/instanalysis/server/helper/amazonRekognition.js": {"path":"/Users/yonathanloekito/Documents/hacktiv8/Phase3/instanalysis/server/helper/amazonRekognition.js","statementMap":{"0":{"start":{"line":1,"column":21},"end":{"line":1,"column":47}},"1":{"start":{"line":2,"column":10},"end":{"line":2,"column":28}},"2":{"start":{"line":3,"column":11},"end":{"line":3,"column":56}},"3":{"start":{"line":4,"column":0},"end":{"line":4,"column":23}},"4":{"start":{"line":5,"column":18},"end":{"line":5,"column":67}},"5":{"start":{"line":7,"column":22},"end":{"line":32,"column":1}},"6":{"start":{"line":8,"column":2},"end":{"line":30,"column":3}},"7":{"start":{"line":10,"column":4},"end":{"line":10,"column":28}},"8":{"start":{"line":11,"column":17},"end":{"line":11,"column":46}},"9":{"start":{"line":12,"column":19},"end":{"line":12,"column":52}},"10":{"start":{"line":13,"column":17},"end":{"line":20,"column":5}},"11":{"start":{"line":22,"column":4},"end":{"line":27,"column":6}},"12":{"start":{"line":23,"column":6},"end":{"line":26,"column":9}},"13":{"start":{"line":24,"column":8},"end":{"line":25,"column":27}},"14":{"start":{"line":24,"column":17},"end":{"line":24,"column":28}},"15":{"start":{"line":25,"column":13},"end":{"line":25,"column":27}},"16":{"start":{"line":29,"column":4},"end":{"line":29,"column":11}},"17":{"start":{"line":34,"column":23},"end":{"line":53,"column":1}},"18":{"start":{"line":35,"column":2},"end":{"line":52,"column":3}},"19":{"start":{"line":36,"column":17},"end":{"line":36,"column":46}},"20":{"start":{"line":37,"column":19},"end":{"line":37,"column":52}},"21":{"start":{"line":38,"column":17},"end":{"line":42,"column":5}},"22":{"start":{"line":44,"column":4},"end":{"line":49,"column":6}},"23":{"start":{"line":45,"column":6},"end":{"line":48,"column":9}},"24":{"start":{"line":46,"column":8},"end":{"line":47,"column":27}},"25":{"start":{"line":46,"column":17},"end":{"line":46,"column":28}},"26":{"start":{"line":47,"column":13},"end":{"line":47,"column":27}},"27":{"start":{"line":51,"column":4},"end":{"line":51,"column":11}},"28":{"start":{"line":55,"column":0},"end":{"line":55,"column":48}}},"fnMap":{"0":{"name":"(anonymous_0)","decl":{"start":{"line":7,"column":22},"end":{"line":7,"column":23}},"loc":{"start":{"line":7,"column":43},"end":{"line":32,"column":1}},"line":7},"1":{"name":"(anonymous_1)","decl":{"start":{"line":22,"column":23},"end":{"line":22,"column":24}},"loc":{"start":{"line":22,"column":50},"end":{"line":27,"column":5}},"line":22},"2":{"name":"(anonymous_2)","decl":{"start":{"line":23,"column":38},"end":{"line":23,"column":39}},"loc":{"start":{"line":23,"column":59},"end":{"line":26,"column":7}},"line":23},"3":{"name":"(anonymous_3)","decl":{"start":{"line":34,"column":23},"end":{"line":34,"column":24}},"loc":{"start":{"line":34,"column":42},"end":{"line":53,"column":1}},"line":34},"4":{"name":"(anonymous_4)","decl":{"start":{"line":44,"column":23},"end":{"line":44,"column":24}},"loc":{"start":{"line":44,"column":50},"end":{"line":49,"column":5}},"line":44},"5":{"name":"(anonymous_5)","decl":{"start":{"line":45,"column":39},"end":{"line":45,"column":40}},"loc":{"start":{"line":45,"column":60},"end":{"line":48,"column":7}},"line":45}},"branchMap":{"0":{"loc":{"start":{"line":24,"column":8},"end":{"line":25,"column":27}},"type":"if","locations":[{"start":{"line":24,"column":8},"end":{"line":25,"column":27}},{"start":{"line":24,"column":8},"end":{"line":25,"column":27}}],"line":24},"1":{"loc":{"start":{"line":46,"column":8},"end":{"line":47,"column":27}},"type":"if","locations":[{"start":{"line":46,"column":8},"end":{"line":47,"column":27}},{"start":{"line":46,"column":8},"end":{"line":47,"column":27}}],"line":46}},"s":{"0":1,"1":1,"2":1,"3":1,"4":1,"5":1,"6":29,"7":29,"8":29,"9":29,"10":29,"11":29,"12":29,"13":29,"14":0,"15":29,"16":0,"17":1,"18":27,"19":27,"20":27,"21":27,"22":27,"23":27,"24":27,"25":0,"26":27,"27":0,"28":1},"f":{"0":29,"1":29,"2":29,"3":27,"4":27,"5":27},"b":{"0":[0,29],"1":[0,27]},"_coverageSchema":"43e27e138ebf9cfc5966b082cf9a028302ed4184","hash":"440a067c62262c0f1320ead65ab723b22c2cc27e"}
,"/Users/yonathanloekito/Documents/hacktiv8/Phase3/instanalysis/server/helper/comparePersonalities.js": {"path":"/Users/yonathanloekito/Documents/hacktiv8/Phase3/instanalysis/server/helper/comparePersonalities.js","statementMap":{"0":{"start":{"line":1,"column":0},"end":{"line":1,"column":24}},"1":{"start":{"line":4,"column":15},"end":{"line":4,"column":17}},"2":{"start":{"line":6,"column":15},"end":{"line":6,"column":37}},"3":{"start":{"line":7,"column":15},"end":{"line":7,"column":37}},"4":{"start":{"line":8,"column":17},"end":{"line":8,"column":18}},"5":{"start":{"line":9,"column":1},"end":{"line":19,"column":2}},"6":{"start":{"line":9,"column":14},"end":{"line":9,"column":15}},"7":{"start":{"line":11,"column":15},"end":{"line":11,"column":23}},"8":{"start":{"line":12,"column":15},"end":{"line":12,"column":23}},"9":{"start":{"line":13,"column":2},"end":{"line":18,"column":3}},"10":{"start":{"line":13,"column":15},"end":{"line":13,"column":16}},"11":{"start":{"line":15,"column":14},"end":{"line":15,"column":73}},"12":{"start":{"line":16,"column":21},"end":{"line":16,"column":32}},"13":{"start":{"line":17,"column":3},"end":{"line":17,"column":27}},"14":{"start":{"line":20,"column":14},"end":{"line":20,"column":34}},"15":{"start":{"line":21,"column":1},"end":{"line":21,"column":34}},"16":{"start":{"line":23,"column":15},"end":{"line":23,"column":31}},"17":{"start":{"line":24,"column":15},"end":{"line":24,"column":31}},"18":{"start":{"line":25,"column":17},"end":{"line":25,"column":18}},"19":{"start":{"line":26,"column":1},"end":{"line":30,"column":2}},"20":{"start":{"line":26,"column":14},"end":{"line":26,"column":15}},"21":{"start":{"line":27,"column":13},"end":{"line":27,"column":52}},"22":{"start":{"line":28,"column":20},"end":{"line":28,"column":31}},"23":{"start":{"line":29,"column":2},"end":{"line":29,"column":26}},"24":{"start":{"line":31,"column":14},"end":{"line":31,"column":34}},"25":{"start":{"line":32,"column":1},"end":{"line":32,"column":28}},"26":{"start":{"line":34,"column":15},"end":{"line":34,"column":32}},"27":{"start":{"line":35,"column":15},"end":{"line":35,"column":32}},"28":{"start":{"line":36,"column":17},"end":{"line":36,"column":18}},"29":{"start":{"line":37,"column":1},"end":{"line":41,"column":2}},"30":{"start":{"line":37,"column":14},"end":{"line":37,"column":15}},"31":{"start":{"line":38,"column":13},"end":{"line":38,"column":52}},"32":{"start":{"line":39,"column":20},"end":{"line":39,"column":31}},"33":{"start":{"line":40,"column":2},"end":{"line":40,"column":26}},"34":{"start":{"line":42,"column":14},"end":{"line":42,"column":34}},"35":{"start":{"line":43,"column":1},"end":{"line":43,"column":29}},"36":{"start":{"line":45,"column":1},"end":{"line":45,"column":51}},"37":{"start":{"line":47,"column":1},"end":{"line":47,"column":15}},"38":{"start":{"line":52,"column":15},"end":{"line":735,"column":1}}},"fnMap":{"0":{"name":"compare","decl":{"start":{"line":3,"column":9},"end":{"line":3,"column":16}},"loc":{"start":{"line":3,"column":42},"end":{"line":48,"column":1}},"line":3}},"branchMap":{},"s":{"0":1,"1":2,"2":2,"3":1,"4":1,"5":1,"6":1,"7":5,"8":5,"9":5,"10":5,"11":30,"12":30,"13":30,"14":1,"15":1,"16":1,"17":1,"18":1,"19":1,"20":1,"21":12,"22":12,"23":12,"24":1,"25":1,"26":1,"27":1,"28":1,"29":1,"30":1,"31":5,"32":5,"33":5,"34":1,"35":1,"36":1,"37":1,"38":1},"f":{"0":2},"b":{},"_coverageSchema":"43e27e138ebf9cfc5966b082cf9a028302ed4184","hash":"7b2ebb05b9227214b20bf80c9e802749d19e6d32"}
,"/Users/yonathanloekito/Documents/hacktiv8/Phase3/instanalysis/server/helper/dataToObjectCreator.js": {"path":"/Users/yonathanloekito/Documents/hacktiv8/Phase3/instanalysis/server/helper/dataToObjectCreator.js","statementMap":{"0":{"start":{"line":1,"column":0},"end":{"line":18,"column":1}},"1":{"start":{"line":2,"column":23},"end":{"line":10,"column":6}},"2":{"start":{"line":3,"column":26},"end":{"line":7,"column":9}},"3":{"start":{"line":8,"column":8},"end":{"line":8,"column":47}},"4":{"start":{"line":9,"column":8},"end":{"line":9,"column":26}},"5":{"start":{"line":11,"column":22},"end":{"line":13,"column":5}},"6":{"start":{"line":15,"column":4},"end":{"line":17,"column":5}}},"fnMap":{"0":{"name":"(anonymous_0)","decl":{"start":{"line":1,"column":17},"end":{"line":1,"column":18}},"loc":{"start":{"line":1,"column":31},"end":{"line":18,"column":1}},"line":1},"1":{"name":"(anonymous_1)","decl":{"start":{"line":2,"column":38},"end":{"line":2,"column":39}},"loc":{"start":{"line":2,"column":46},"end":{"line":10,"column":5}},"line":2}},"branchMap":{},"s":{"0":1,"1":2,"2":27,"3":27,"4":27,"5":2,"6":2},"f":{"0":2,"1":27},"b":{},"_coverageSchema":"43e27e138ebf9cfc5966b082cf9a028302ed4184","hash":"a497f98bec75cfe0f2f89a6f45035d82b84c4dfc"}
,"/Users/yonathanloekito/Documents/hacktiv8/Phase3/instanalysis/server/helper/personalityAnalysis.js": {"path":"/Users/yonathanloekito/Documents/hacktiv8/Phase3/instanalysis/server/helper/personalityAnalysis.js","statementMap":{"0":{"start":{"line":1,"column":30},"end":{"line":1,"column":75}},"1":{"start":{"line":2,"column":0},"end":{"line":2,"column":26}},"2":{"start":{"line":3,"column":19},"end":{"line":3,"column":42}},"3":{"start":{"line":4,"column":28},"end":{"line":4,"column":68}},"4":{"start":{"line":6,"column":28},"end":{"line":9,"column":2}},"5":{"start":{"line":11,"column":0},"end":{"line":35,"column":1}},"6":{"start":{"line":12,"column":2},"end":{"line":12,"column":38}},"7":{"start":{"line":13,"column":22},"end":{"line":13,"column":47}},"8":{"start":{"line":14,"column":24},"end":{"line":19,"column":3}},"9":{"start":{"line":21,"column":2},"end":{"line":21,"column":70}},"10":{"start":{"line":22,"column":2},"end":{"line":34,"column":4}},"11":{"start":{"line":23,"column":4},"end":{"line":33,"column":8}},"12":{"start":{"line":25,"column":8},"end":{"line":25,"column":25}},"13":{"start":{"line":28,"column":8},"end":{"line":32,"column":9}},"14":{"start":{"line":29,"column":10},"end":{"line":29,"column":39}},"15":{"start":{"line":31,"column":10},"end":{"line":31,"column":20}}},"fnMap":{"0":{"name":"(anonymous_0)","decl":{"start":{"line":11,"column":17},"end":{"line":11,"column":18}},"loc":{"start":{"line":11,"column":32},"end":{"line":35,"column":1}},"line":11},"1":{"name":"(anonymous_1)","decl":{"start":{"line":22,"column":21},"end":{"line":22,"column":22}},"loc":{"start":{"line":22,"column":42},"end":{"line":34,"column":3}},"line":22},"2":{"name":"(anonymous_2)","decl":{"start":{"line":24,"column":12},"end":{"line":24,"column":13}},"loc":{"start":{"line":24,"column":22},"end":{"line":26,"column":7}},"line":24},"3":{"name":"(anonymous_3)","decl":{"start":{"line":27,"column":14},"end":{"line":27,"column":15}},"loc":{"start":{"line":27,"column":21},"end":{"line":33,"column":7}},"line":27}},"branchMap":{"0":{"loc":{"start":{"line":28,"column":8},"end":{"line":32,"column":9}},"type":"if","locations":[{"start":{"line":28,"column":8},"end":{"line":32,"column":9}},{"start":{"line":28,"column":8},"end":{"line":32,"column":9}}],"line":28}},"s":{"0":1,"1":1,"2":1,"3":1,"4":1,"5":1,"6":2,"7":2,"8":2,"9":2,"10":2,"11":2,"12":2,"13":0,"14":0,"15":0},"f":{"0":2,"1":2,"2":2,"3":0},"b":{"0":[0,0]},"_coverageSchema":"43e27e138ebf9cfc5966b082cf9a028302ed4184","hash":"d74e099bc71d0ee6129c6df20ec61709cfbca5cf"}
,"/Users/yonathanloekito/Documents/hacktiv8/Phase3/instanalysis/server/middleware/translateToEnglish.js": {"path":"/Users/yonathanloekito/Documents/hacktiv8/Phase3/instanalysis/server/middleware/translateToEnglish.js","statementMap":{"0":{"start":{"line":1,"column":15},"end":{"line":1,"column":46}},"1":{"start":{"line":2,"column":24},"end":{"line":2,"column":59}},"2":{"start":{"line":7,"column":2},"end":{"line":7,"column":23}},"3":{"start":{"line":8,"column":36},"end":{"line":8,"column":44}},"4":{"start":{"line":9,"column":16},"end":{"line":14,"column":2}},"5":{"start":{"line":18,"column":4},"end":{"line":21,"column":3}},"6":{"start":{"line":18,"column":17},"end":{"line":18,"column":18}},"7":{"start":{"line":19,"column":18},"end":{"line":19,"column":35}},"8":{"start":{"line":20,"column":2},"end":{"line":20,"column":55}},"9":{"start":{"line":23,"column":2},"end":{"line":23,"column":21}},"10":{"start":{"line":27,"column":1},"end":{"line":27,"column":7}},"11":{"start":{"line":32,"column":14},"end":{"line":32,"column":28}},"12":{"start":{"line":33,"column":1},"end":{"line":50,"column":3}},"13":{"start":{"line":34,"column":2},"end":{"line":49,"column":4}},"14":{"start":{"line":35,"column":3},"end":{"line":35,"column":52}},"15":{"start":{"line":36,"column":2},"end":{"line":36,"column":54}},"16":{"start":{"line":36,"column":31},"end":{"line":36,"column":54}},"17":{"start":{"line":37,"column":4},"end":{"line":37,"column":55}},"18":{"start":{"line":39,"column":29},"end":{"line":39,"column":47}},"19":{"start":{"line":41,"column":4},"end":{"line":48,"column":5}},"20":{"start":{"line":43,"column":28},"end":{"line":43,"column":59}},"21":{"start":{"line":44,"column":5},"end":{"line":44,"column":28}},"22":{"start":{"line":47,"column":5},"end":{"line":47,"column":28}},"23":{"start":{"line":55,"column":1},"end":{"line":60,"column":3}},"24":{"start":{"line":56,"column":2},"end":{"line":59,"column":8}},"25":{"start":{"line":58,"column":6},"end":{"line":58,"column":42}},"26":{"start":{"line":63,"column":0},"end":{"line":63,"column":35}}},"fnMap":{"0":{"name":"translateToEnglish","decl":{"start":{"line":4,"column":15},"end":{"line":4,"column":33}},"loc":{"start":{"line":4,"column":50},"end":{"line":28,"column":1}},"line":4},"1":{"name":"detectAndTranslate","decl":{"start":{"line":30,"column":15},"end":{"line":30,"column":33}},"loc":{"start":{"line":30,"column":49},"end":{"line":51,"column":1}},"line":30},"2":{"name":"(anonymous_2)","decl":{"start":{"line":33,"column":21},"end":{"line":33,"column":22}},"loc":{"start":{"line":33,"column":41},"end":{"line":50,"column":2}},"line":33},"3":{"name":"(anonymous_3)","decl":{"start":{"line":34,"column":49},"end":{"line":34,"column":50}},"loc":{"start":{"line":34,"column":80},"end":{"line":49,"column":3}},"line":34},"4":{"name":"translate","decl":{"start":{"line":53,"column":15},"end":{"line":53,"column":24}},"loc":{"start":{"line":53,"column":30},"end":{"line":61,"column":1}},"line":53},"5":{"name":"(anonymous_5)","decl":{"start":{"line":55,"column":21},"end":{"line":55,"column":22}},"loc":{"start":{"line":55,"column":42},"end":{"line":60,"column":2}},"line":55},"6":{"name":"(anonymous_6)","decl":{"start":{"line":56,"column":40},"end":{"line":56,"column":41}},"loc":{"start":{"line":56,"column":67},"end":{"line":59,"column":7}},"line":56}},"branchMap":{"0":{"loc":{"start":{"line":36,"column":2},"end":{"line":36,"column":54}},"type":"if","locations":[{"start":{"line":36,"column":2},"end":{"line":36,"column":54}},{"start":{"line":36,"column":2},"end":{"line":36,"column":54}}],"line":36},"1":{"loc":{"start":{"line":41,"column":4},"end":{"line":48,"column":5}},"type":"if","locations":[{"start":{"line":41,"column":4},"end":{"line":48,"column":5}},{"start":{"line":41,"column":4},"end":{"line":48,"column":5}}],"line":41}},"s":{"0":1,"1":1,"2":2,"3":2,"4":2,"5":2,"6":2,"7":27,"8":27,"9":2,"10":2,"11":27,"12":27,"13":27,"14":27,"15":27,"16":0,"17":27,"18":27,"19":27,"20":11,"21":11,"22":16,"23":11,"24":11,"25":11,"26":1},"f":{"0":2,"1":27,"2":27,"3":27,"4":11,"5":11,"6":11},"b":{"0":[0,27],"1":[11,16]},"_coverageSchema":"43e27e138ebf9cfc5966b082cf9a028302ed4184","hash":"85732c62d8ad5ca220e19748df491b65dd3f9d05"}
,"/Users/yonathanloekito/Documents/hacktiv8/Phase3/instanalysis/server/router/index.js": {"path":"/Users/yonathanloekito/Documents/hacktiv8/Phase3/instanalysis/server/router/index.js","statementMap":{"0":{"start":{"line":1,"column":15},"end":{"line":1,"column":42}},"1":{"start":{"line":2,"column":19},"end":{"line":2,"column":43}},"2":{"start":{"line":3,"column":27},"end":{"line":3,"column":70}},"3":{"start":{"line":5,"column":0},"end":{"line":7,"column":2}},"4":{"start":{"line":6,"column":4},"end":{"line":6,"column":59}},"5":{"start":{"line":9,"column":0},"end":{"line":9,"column":65}},"6":{"start":{"line":10,"column":0},"end":{"line":10,"column":39}},"7":{"start":{"line":14,"column":0},"end":{"line":14,"column":23}}},"fnMap":{"0":{"name":"(anonymous_0)","decl":{"start":{"line":5,"column":16},"end":{"line":5,"column":17}},"loc":{"start":{"line":5,"column":27},"end":{"line":7,"column":1}},"line":5}},"branchMap":{},"s":{"0":1,"1":1,"2":1,"3":1,"4":1,"5":1,"6":1,"7":1},"f":{"0":1},"b":{},"_coverageSchema":"43e27e138ebf9cfc5966b082cf9a028302ed4184","hash":"ffb89784d06c9af91447e01312f784469fda7b39"}
}
