TN:
SF:/Users/yonathanloekito/Documents/hacktiv8/Phase3/instanalysis/server/app.js
FN:13,(anonymous_0)
FN:19,(anonymous_1)
FN:25,(anonymous_2)
FNF:3
FNH:3
FNDA:8,(anonymous_0)
FNDA:7,(anonymous_1)
FNDA:1,(anonymous_2)
DA:1,1
DA:2,1
DA:3,1
DA:4,1
DA:6,1
DA:7,1
DA:8,1
DA:10,1
DA:11,1
DA:12,1
DA:13,1
DA:14,8
DA:15,8
DA:17,1
DA:19,1
DA:20,7
DA:21,7
DA:25,1
DA:26,1
DA:31,1
LF:20
LH:20
BRDA:6,0,0,1
BRDA:6,0,1,1
BRF:2
BRH:2
end_of_record
TN:
SF:/Users/yonathanloekito/Documents/hacktiv8/Phase3/instanalysis/server/expressInstance.js
FNF:0
FNH:0
DA:1,1
DA:2,1
DA:4,1
LF:3
LH:3
BRF:0
BRH:0
end_of_record
TN:
SF:/Users/yonathanloekito/Documents/hacktiv8/Phase3/instanalysis/server/controller/index.js
FN:7,(anonymous_0)
FN:26,(anonymous_1)
FN:39,(anonymous_2)
FN:69,(anonymous_3)
FN:72,(anonymous_4)
FN:84,(anonymous_5)
FN:108,(anonymous_6)
FN:113,(anonymous_7)
FN:125,(anonymous_8)
FNF:9
FNH:9
FNDA:2,(anonymous_0)
FNDA:5,(anonymous_1)
FNDA:30,(anonymous_2)
FNDA:30,(anonymous_3)
FNDA:30,(anonymous_4)
FNDA:30,(anonymous_5)
FNDA:5,(anonymous_6)
FNDA:30,(anonymous_7)
FNDA:30,(anonymous_8)
DA:1,1
DA:2,1
DA:4,1
DA:8,2
DA:10,2
DA:11,2
DA:13,2
DA:14,2
DA:15,2
DA:16,2
DA:17,2
DA:18,1
DA:19,1
DA:22,1
DA:27,5
DA:28,5
DA:29,5
DA:30,5
DA:31,5
DA:32,5
DA:33,5
DA:34,5
DA:39,5
DA:40,30
DA:41,30
DA:43,5
DA:45,5
DA:47,5
DA:50,5
DA:51,5
DA:60,5
DA:61,5
DA:62,5
DA:69,5
DA:70,30
DA:72,5
DA:73,30
DA:76,5
DA:77,5
DA:78,5
DA:81,5
DA:82,5
DA:83,5
DA:84,5
DA:85,30
DA:86,30
DA:87,30
DA:88,30
DA:89,30
DA:90,30
DA:91,30
DA:93,30
DA:94,30
DA:95,30
DA:96,30
DA:97,30
DA:98,25
DA:100,5
DA:102,30
DA:106,5
DA:107,5
DA:108,5
DA:109,5
DA:110,5
DA:113,5
DA:115,30
DA:116,30
DA:117,60
DA:118,49
DA:120,11
DA:125,5
DA:126,30
DA:132,5
DA:133,5
DA:134,5
DA:135,5
DA:136,5
DA:137,5
DA:140,5
DA:151,5
DA:152,5
DA:153,5
DA:154,5
DA:157,0
DA:158,0
DA:159,0
DA:164,1
LF:87
LH:84
BRDA:85,0,0,30
BRDA:85,0,1,0
BRDA:97,1,0,25
BRDA:97,1,1,5
BRDA:107,2,0,5
BRDA:107,2,1,0
BRDA:115,3,0,0
BRDA:115,3,1,30
BRDA:117,4,0,49
BRDA:117,4,1,11
BRDA:135,5,0,5
BRDA:135,5,1,0
BRF:12
BRH:8
end_of_record
TN:
SF:/Users/yonathanloekito/Documents/hacktiv8/Phase3/instanalysis/server/helper/amazonRekognition.js
FN:7,(anonymous_0)
FN:22,(anonymous_1)
FN:23,(anonymous_2)
FN:34,(anonymous_3)
FN:44,(anonymous_4)
FN:45,(anonymous_5)
FNF:6
FNH:6
FNDA:35,(anonymous_0)
FNDA:35,(anonymous_1)
FNDA:35,(anonymous_2)
FNDA:30,(anonymous_3)
FNDA:30,(anonymous_4)
FNDA:30,(anonymous_5)
DA:1,1
DA:2,1
DA:3,1
DA:4,1
DA:5,1
DA:7,1
DA:8,35
DA:10,35
DA:11,35
DA:12,35
DA:13,35
DA:22,35
DA:23,35
DA:24,35
DA:25,35
DA:29,0
DA:34,1
DA:35,30
DA:36,30
DA:37,30
DA:38,30
DA:44,30
DA:45,30
DA:46,30
DA:47,30
DA:51,0
DA:55,1
LF:27
LH:25
BRDA:24,0,0,0
BRDA:24,0,1,35
BRDA:46,1,0,0
BRDA:46,1,1,30
BRF:4
BRH:2
end_of_record
TN:
SF:/Users/yonathanloekito/Documents/hacktiv8/Phase3/instanalysis/server/helper/comparePersonalities.js
FN:3,compare
FNF:1
FNH:1
FNDA:2,compare
DA:1,1
DA:4,2
DA:5,2
DA:7,2
DA:8,1
DA:9,1
DA:10,1
DA:12,1
DA:13,5
DA:15,5
DA:16,5
DA:17,5
DA:18,30
DA:20,30
DA:21,30
DA:22,30
DA:25,1
DA:26,1
DA:27,1
DA:29,1
DA:30,1
DA:31,1
DA:32,1
DA:33,1
DA:34,12
DA:36,12
DA:37,12
DA:38,12
DA:40,1
DA:41,1
DA:43,1
DA:44,1
DA:45,1
DA:46,1
DA:47,1
DA:48,5
DA:49,5
DA:50,5
DA:51,5
DA:53,1
DA:54,1
DA:55,1
DA:57,1
DA:59,1
DA:61,1
DA:66,1
LF:46
LH:46
BRF:0
BRH:0
end_of_record
TN:
SF:/Users/yonathanloekito/Documents/hacktiv8/Phase3/instanalysis/server/helper/dataToObjectCreator.js
FN:1,(anonymous_0)
FN:2,(anonymous_1)
FNF:2
FNH:2
FNDA:5,(anonymous_0)
FNDA:30,(anonymous_1)
DA:1,1
DA:2,5
DA:3,30
DA:8,30
DA:9,30
DA:11,5
DA:15,5
LF:7
LH:7
BRF:0
BRH:0
end_of_record
TN:
SF:/Users/yonathanloekito/Documents/hacktiv8/Phase3/instanalysis/server/helper/personalityAnalysis.js
FN:11,(anonymous_0)
FN:22,(anonymous_1)
FN:24,(anonymous_2)
FN:27,(anonymous_3)
FNF:4
FNH:4
FNDA:5,(anonymous_0)
FNDA:5,(anonymous_1)
FNDA:1,(anonymous_2)
FNDA:4,(anonymous_3)
DA:1,1
DA:2,1
DA:3,1
DA:4,1
DA:6,1
DA:11,1
DA:12,5
DA:13,5
DA:14,5
DA:21,5
DA:22,5
DA:23,5
DA:25,1
DA:28,4
DA:29,4
DA:31,0
LF:16
LH:15
BRDA:28,0,0,4
BRDA:28,0,1,0
BRF:2
BRH:1
end_of_record
TN:
SF:/Users/yonathanloekito/Documents/hacktiv8/Phase3/instanalysis/server/middleware/translateToEnglish.js
FN:4,translateToEnglish
FN:30,detectAndTranslate
FN:33,(anonymous_2)
FN:34,(anonymous_3)
FN:53,translate
FN:55,(anonymous_5)
FN:56,(anonymous_6)
FNF:7
FNH:7
FNDA:5,translateToEnglish
FNDA:30,detectAndTranslate
FNDA:30,(anonymous_2)
FNDA:30,(anonymous_3)
FNDA:18,translate
FNDA:18,(anonymous_5)
FNDA:18,(anonymous_6)
DA:1,1
DA:2,1
DA:7,5
DA:8,5
DA:9,5
DA:18,5
DA:19,30
DA:20,30
DA:23,5
DA:27,5
DA:32,30
DA:33,30
DA:34,30
DA:35,30
DA:36,30
DA:37,30
DA:39,30
DA:41,30
DA:43,18
DA:44,18
DA:47,12
DA:55,18
DA:56,18
DA:58,18
DA:63,1
LF:25
LH:25
BRDA:36,0,0,0
BRDA:36,0,1,30
BRDA:41,1,0,18
BRDA:41,1,1,12
BRF:4
BRH:3
end_of_record
TN:
SF:/Users/yonathanloekito/Documents/hacktiv8/Phase3/instanalysis/server/router/index.js
FN:5,(anonymous_0)
FNF:1
FNH:1
FNDA:1,(anonymous_0)
DA:1,1
DA:2,1
DA:3,1
DA:5,1
DA:6,1
DA:9,1
DA:10,1
DA:14,1
LF:8
LH:8
BRF:0
BRH:0
end_of_record
