TN:
SF:/Users/yonathanloekito/Documents/hacktiv8/Phase3/instanalysis/server/app.js
FN:13,(anonymous_0)
FN:19,(anonymous_1)
FN:25,(anonymous_2)
FNF:3
FNH:3
FNDA:5,(anonymous_0)
FNDA:4,(anonymous_1)
FNDA:1,(anonymous_2)
DA:1,1
DA:2,1
DA:3,1
DA:4,1
DA:6,1
DA:7,1
DA:8,1
DA:10,1
DA:11,1
DA:12,1
DA:13,1
DA:14,5
DA:15,5
DA:17,1
DA:19,1
DA:20,4
DA:21,4
DA:25,1
DA:26,1
DA:31,1
LF:20
LH:20
BRDA:6,0,0,1
BRDA:6,0,1,1
BRF:2
BRH:2
end_of_record
TN:
SF:/Users/yonathanloekito/Documents/hacktiv8/Phase3/instanalysis/server/expressInstance.js
FNF:0
FNH:0
DA:1,1
DA:2,1
DA:4,1
LF:3
LH:3
BRF:0
BRH:0
end_of_record
TN:
SF:/Users/yonathanloekito/Documents/hacktiv8/Phase3/instanalysis/server/controller/index.js
FN:7,(anonymous_0)
FN:20,(anonymous_1)
FN:33,(anonymous_2)
FN:63,(anonymous_3)
FN:66,(anonymous_4)
FN:78,(anonymous_5)
FN:90,(anonymous_6)
FN:93,(anonymous_7)
FN:105,(anonymous_8)
FNF:9
FNH:9
FNDA:2,(anonymous_0)
FNDA:2,(anonymous_1)
FNDA:27,(anonymous_2)
FNDA:27,(anonymous_3)
FNDA:27,(anonymous_4)
FNDA:27,(anonymous_5)
FNDA:2,(anonymous_6)
FNDA:27,(anonymous_7)
FNDA:27,(anonymous_8)
DA:1,1
DA:2,1
DA:4,1
DA:8,2
DA:10,2
DA:11,2
DA:12,2
DA:13,1
DA:16,1
DA:21,2
DA:22,2
DA:23,2
DA:24,2
DA:25,2
DA:26,2
DA:27,2
DA:28,2
DA:33,2
DA:34,27
DA:35,27
DA:37,2
DA:39,2
DA:41,2
DA:44,2
DA:45,2
DA:54,2
DA:55,2
DA:56,2
DA:63,2
DA:64,27
DA:66,2
DA:67,27
DA:70,2
DA:71,2
DA:72,2
DA:75,2
DA:76,2
DA:77,2
DA:78,2
DA:79,27
DA:80,27
DA:81,27
DA:82,27
DA:83,25
DA:85,2
DA:90,2
DA:91,2
DA:93,2
DA:94,27
DA:95,14
DA:96,14
DA:97,28
DA:98,26
DA:100,2
DA:105,2
DA:106,27
DA:111,2
DA:112,2
DA:113,2
DA:114,2
DA:115,2
DA:118,2
DA:129,2
DA:130,2
DA:131,2
DA:132,2
DA:135,0
DA:136,0
DA:137,0
DA:142,1
LF:70
LH:67
BRDA:79,0,0,27
BRDA:79,0,1,0
BRDA:82,1,0,25
BRDA:82,1,1,2
BRDA:94,2,0,14
BRDA:94,2,1,13
BRDA:94,3,0,27
BRDA:94,3,1,14
BRDA:94,3,2,14
BRDA:95,4,0,0
BRDA:95,4,1,14
BRDA:97,5,0,26
BRDA:97,5,1,2
BRDA:113,6,0,2
BRDA:113,6,1,0
BRF:15
BRH:12
end_of_record
TN:
SF:/Users/yonathanloekito/Documents/hacktiv8/Phase3/instanalysis/server/helper/amazonRekognition.js
FN:7,(anonymous_0)
FN:22,(anonymous_1)
FN:23,(anonymous_2)
FN:34,(anonymous_3)
FN:44,(anonymous_4)
FN:45,(anonymous_5)
FNF:6
FNH:6
FNDA:29,(anonymous_0)
FNDA:29,(anonymous_1)
FNDA:29,(anonymous_2)
FNDA:27,(anonymous_3)
FNDA:27,(anonymous_4)
FNDA:27,(anonymous_5)
DA:1,1
DA:2,1
DA:3,1
DA:4,1
DA:5,1
DA:7,1
DA:8,29
DA:10,29
DA:11,29
DA:12,29
DA:13,29
DA:22,29
DA:23,29
DA:24,29
DA:25,29
DA:29,0
DA:34,1
DA:35,27
DA:36,27
DA:37,27
DA:38,27
DA:44,27
DA:45,27
DA:46,27
DA:47,27
DA:51,0
DA:55,1
LF:27
LH:25
BRDA:24,0,0,0
BRDA:24,0,1,29
BRDA:46,1,0,0
BRDA:46,1,1,27
BRF:4
BRH:2
end_of_record
TN:
SF:/Users/yonathanloekito/Documents/hacktiv8/Phase3/instanalysis/server/helper/comparePersonalities.js
FN:3,compare
FNF:1
FNH:1
FNDA:2,compare
DA:1,1
DA:4,2
DA:6,2
DA:7,1
DA:8,1
DA:9,1
DA:11,5
DA:12,5
DA:13,5
DA:15,30
DA:16,30
DA:17,30
DA:20,1
DA:21,1
DA:23,1
DA:24,1
DA:25,1
DA:26,1
DA:27,12
DA:28,12
DA:29,12
DA:31,1
DA:32,1
DA:34,1
DA:35,1
DA:36,1
DA:37,1
DA:38,5
DA:39,5
DA:40,5
DA:42,1
DA:43,1
DA:45,1
DA:47,1
DA:52,1
LF:35
LH:35
BRF:0
BRH:0
end_of_record
TN:
SF:/Users/yonathanloekito/Documents/hacktiv8/Phase3/instanalysis/server/helper/dataToObjectCreator.js
FN:1,(anonymous_0)
FN:2,(anonymous_1)
FNF:2
FNH:2
FNDA:2,(anonymous_0)
FNDA:27,(anonymous_1)
DA:1,1
DA:2,2
DA:3,27
DA:8,27
DA:9,27
DA:11,2
DA:15,2
LF:7
LH:7
BRF:0
BRH:0
end_of_record
TN:
SF:/Users/yonathanloekito/Documents/hacktiv8/Phase3/instanalysis/server/helper/personalityAnalysis.js
FN:11,(anonymous_0)
FN:22,(anonymous_1)
FN:24,(anonymous_2)
FN:27,(anonymous_3)
FNF:4
FNH:3
FNDA:2,(anonymous_0)
FNDA:2,(anonymous_1)
FNDA:2,(anonymous_2)
FNDA:0,(anonymous_3)
DA:1,1
DA:2,1
DA:3,1
DA:4,1
DA:6,1
DA:11,1
DA:12,2
DA:13,2
DA:14,2
DA:21,2
DA:22,2
DA:23,2
DA:25,2
DA:28,0
DA:29,0
DA:31,0
LF:16
LH:13
BRDA:28,0,0,0
BRDA:28,0,1,0
BRF:2
BRH:0
end_of_record
TN:
SF:/Users/yonathanloekito/Documents/hacktiv8/Phase3/instanalysis/server/middleware/translateToEnglish.js
FN:4,translateToEnglish
FN:30,detectAndTranslate
FN:33,(anonymous_2)
FN:34,(anonymous_3)
FN:53,translate
FN:55,(anonymous_5)
FN:56,(anonymous_6)
FNF:7
FNH:7
FNDA:2,translateToEnglish
FNDA:27,detectAndTranslate
FNDA:27,(anonymous_2)
FNDA:27,(anonymous_3)
FNDA:11,translate
FNDA:11,(anonymous_5)
FNDA:11,(anonymous_6)
DA:1,1
DA:2,1
DA:7,2
DA:8,2
DA:9,2
DA:18,2
DA:19,27
DA:20,27
DA:23,2
DA:27,2
DA:32,27
DA:33,27
DA:34,27
DA:35,27
DA:36,27
DA:37,27
DA:39,27
DA:41,27
DA:43,11
DA:44,11
DA:47,16
DA:55,11
DA:56,11
DA:58,11
DA:63,1
LF:25
LH:25
BRDA:36,0,0,0
BRDA:36,0,1,27
BRDA:41,1,0,11
BRDA:41,1,1,16
BRF:4
BRH:3
end_of_record
TN:
SF:/Users/yonathanloekito/Documents/hacktiv8/Phase3/instanalysis/server/router/index.js
FN:5,(anonymous_0)
FNF:1
FNH:1
FNDA:1,(anonymous_0)
DA:1,1
DA:2,1
DA:3,1
DA:5,1
DA:6,1
DA:9,1
DA:10,1
DA:14,1
LF:8
LH:8
BRF:0
BRH:0
end_of_record
